PHP Notice:  Undefined index: file_content in /usr/local/src/workingwiki-trunk/WWInterface.php on line 549
PHP Warning:  copy(/usr/local/src/jekyll-test/github-pages-sandbox/_posts_wmd/2014-10-15-nomogram/.workingwiki/standalone/bf0656720ab83fcb04a5415a2b35a14d/bf0656720ab83fcb04a5415a2b35a14d.tex-math.pdf): failed to open stream: No such file or directory in /usr/local/src/working-markdown/wmd.php on line 130
fill_pe_request: getting all_source_file_contents.
find_source_file_content page_mod_time: /usr/local/src/jekyll-test/github-pages-sandbox/_posts_wmd/2014-10-15-nomogram.html.wmd
 putting it in 'source-file-contents'

request to PE: {"operation":{"name":"make","target":"bf0656720ab83fcb04a5415a2b35a14d.tex-math.latexml.html","env":{"WW_ALL_SOURCE_FILES_UNEXPANDED":"$(WW_THIS_DIR)\/GNUmakefile $(WW_THIS_DIR)\/bf0656720ab83fcb04a5415a2b35a14d.tex-math"},"use-default-makefiles":false},"projects":{"file:\/\/\/usr\/local\/src\/jekyll-test\/github-pages-sandbox\/_posts_wmd\/2014-10-15-nomogram\/.workingwiki\/standalone\/bf0656720ab83fcb04a5415a2b35a14d":{"short-dir":"file____usr_local_src_jekyll-test_github-pages-sandbox__posts_wmd_2014-10-15-nomogram_.workingwiki_standalone_bf0656720ab83fcb04a5415a2b35a14d","readonly":false,"source-file-contents":{"GNUmakefile":["c","### GNUmakefile automatically generated by WorkingWiki ###\nWW_THIS_PROJECT_SOURCE_FILES = GNUmakefile bf0656720ab83fcb04a5415a2b35a14d.tex-math\nPREREQUISITE_PROJECTS =\nifndef RESOURCES\n  # ProjectEngine provides RESOURCES and the prerequisite project\n  # locations.  If they aren't provided, we're in an exported directory.\n  export RESOURCES = ..\/.workingwiki\/resources\nendif\ninclude $(RESOURCES)\/makefile-before\nifeq ($(filter makefile, $(wildcard makefile)),makefile)\n  include makefile\nelse ifeq ($(filter Makefile, $(wildcard Makefile)),Makefile)\n  include Makefile\nendif\ninclude $(RESOURCES)\/makefile-after\n",1413615974],"bf0656720ab83fcb04a5415a2b35a14d.tex-math":["c","\\pm b",1413615974]},"process-in-place":true}},"pe-files-are-accessible":true,"password":"password","log-to-stdout":true}
PE: main repo: file:///usr/local/src/jekyll-test/github-pages-sandbox/_posts_wmd/2014-10-15-nomogram/.workingwiki/standalone/bf0656720ab83fcb04a5415a2b35a14d: /usr/local/src/jekyll-test/github-pages-sandbox/_posts_wmd/2014-10-15-nomogram/.workingwiki/standalone/bf0656720ab83fcb04a5415a2b35a14d
Syncing source files to project file____usr_local_src_jekyll-test_github-pages-sandbox__posts_wmd_2014-10-15-nomogram_.workingwiki_standalone_bf0656720ab83fcb04a5415a2b35a14d persistent directory: GNUmakefile bf0656720ab83fcb04a5415a2b35a14d.tex-math
PE: about to make.  bf0656720ab83fcb04a5415a2b35a14d.tex-math.latexml.html doesn't exist
PE: env 'WW_ALL_SOURCE_FILES_UNEXPANDED'='$(WW_THIS_DIR)/GNUmakefile $(WW_THIS_DIR)/bf0656720ab83fcb04a5415a2b35a14d.tex-math' 'time-limit'='180' 'WW_THIS_DIR'='/usr/local/src/jekyll-test/github-pages-sandbox/_posts_wmd/2014-10-15-nomogram/.workingwiki/standalone/bf0656720ab83fcb04a5415a2b35a14d' 'PATH'='/usr/local/bin:/usr/bin:/bin' 'RESOURCES'='/usr/local/src/workingwiki-trunk/ProjectEngine/resources' 'FOREGROUND_ONLY'='1' /usr/local/src/workingwiki-trunk/ProjectEngine/pe-make -C '/usr/local/src/jekyll-test/github-pages-sandbox/_posts_wmd/2014-10-15-nomogram/.workingwiki/standalone/bf0656720ab83fcb04a5415a2b35a14d' 'bf0656720ab83fcb04a5415a2b35a14d.tex-math.latexml.html' 2>&1 | stdbuf -o L tee '/usr/local/src/jekyll-test/github-pages-sandbox/_posts_wmd/2014-10-15-nomogram/.workingwiki/standalone/bf0656720ab83fcb04a5415a2b35a14d/bf0656720ab83fcb04a5415a2b35a14d.tex-math.latexml.html.make.log'
Sat Oct 18 00:06:14 2014
/usr/bin/make -C \
    /usr/local/src/jekyll-test/github-pages-sandbox/_posts_wmd/2014-10-15-nomogram/.workingwiki/standalone/bf0656720ab83fcb04a5415a2b35a14d \
    bf0656720ab83fcb04a5415a2b35a14d.tex-math.latexml.html
Including .mk files:  
Including tex.d files: 
make: Entering directory `/usr/local/src/jekyll-test/github-pages-sandbox/_posts_wmd/2014-10-15-nomogram/.workingwiki/standalone/bf0656720ab83fcb04a5415a2b35a14d'
make: `bf0656720ab83fcb04a5415a2b35a14d.tex-math.latexml.html' is up to date.
make: Leaving directory `/usr/local/src/jekyll-test/github-pages-sandbox/_posts_wmd/2014-10-15-nomogram/.workingwiki/standalone/bf0656720ab83fcb04a5415a2b35a14d'
Make succeeded.
Sat Oct 18 00:06:14 2014
PE: make succeeds
PE: result target_file_contents: {"bf0656720ab83fcb04a5415a2b35a14d.tex-math.latexml.html":["p","\/usr\/local\/src\/jekyll-test\/github-pages-sandbox\/_posts_wmd\/2014-10-15-nomogram\/.workingwiki\/standalone\/bf0656720ab83fcb04a5415a2b35a14d\/bf0656720ab83fcb04a5415a2b35a14d.tex-math.latexml.html"]}
PE: bf0656720ab83fcb04a5415a2b35a14d.tex-math.latexml.html doesn't exist
PE result: {"target-file-contents":{"bf0656720ab83fcb04a5415a2b35a14d.tex-math.latexml.html":["p","\/usr\/local\/src\/jekyll-test\/github-pages-sandbox\/_posts_wmd\/2014-10-15-nomogram\/.workingwiki\/standalone\/bf0656720ab83fcb04a5415a2b35a14d\/bf0656720ab83fcb04a5415a2b35a14d.tex-math.latexml.html"]},"succeeded":true}
PHP Warning:  copy(): The first argument to copy() function cannot be a directory in /usr/local/src/working-markdown/wmd.php on line 130
PHP Notice:  Undefined index: file_content in /usr/local/src/workingwiki-trunk/WWInterface.php on line 549
PHP Warning:  copy(/usr/local/src/jekyll-test/github-pages-sandbox/_posts_wmd/2014-10-15-nomogram/.workingwiki/standalone/4a8a08f09d37b73795649038408b5f33/4a8a08f09d37b73795649038408b5f33.tex-math.pdf): failed to open stream: No such file or directory in /usr/local/src/working-markdown/wmd.php on line 130
fill_pe_request: getting all_source_file_contents.
find_source_file_content page_mod_time: /usr/local/src/jekyll-test/github-pages-sandbox/_posts_wmd/2014-10-15-nomogram.html.wmd
 putting it in 'source-file-contents'

request to PE: {"operation":{"name":"make","target":"4a8a08f09d37b73795649038408b5f33.tex-math.latexml.html","env":{"WW_ALL_SOURCE_FILES_UNEXPANDED":"$(WW_THIS_DIR)\/GNUmakefile $(WW_THIS_DIR)\/4a8a08f09d37b73795649038408b5f33.tex-math"},"use-default-makefiles":false},"projects":{"file:\/\/\/usr\/local\/src\/jekyll-test\/github-pages-sandbox\/_posts_wmd\/2014-10-15-nomogram\/.workingwiki\/standalone\/4a8a08f09d37b73795649038408b5f33":{"short-dir":"file____usr_local_src_jekyll-test_github-pages-sandbox__posts_wmd_2014-10-15-nomogram_.workingwiki_standalone_4a8a08f09d37b73795649038408b5f33","readonly":false,"source-file-contents":{"GNUmakefile":["c","### GNUmakefile automatically generated by WorkingWiki ###\nWW_THIS_PROJECT_SOURCE_FILES = GNUmakefile 4a8a08f09d37b73795649038408b5f33.tex-math\nPREREQUISITE_PROJECTS =\nifndef RESOURCES\n  # ProjectEngine provides RESOURCES and the prerequisite project\n  # locations.  If they aren't provided, we're in an exported directory.\n  export RESOURCES = ..\/.workingwiki\/resources\nendif\ninclude $(RESOURCES)\/makefile-before\nifeq ($(filter makefile, $(wildcard makefile)),makefile)\n  include makefile\nelse ifeq ($(filter Makefile, $(wildcard Makefile)),Makefile)\n  include Makefile\nendif\ninclude $(RESOURCES)\/makefile-after\n",1413615974],"4a8a08f09d37b73795649038408b5f33.tex-math":["c","c",1413615974]},"process-in-place":true}},"pe-files-are-accessible":true,"password":"password","log-to-stdout":true}
PE: main repo: file:///usr/local/src/jekyll-test/github-pages-sandbox/_posts_wmd/2014-10-15-nomogram/.workingwiki/standalone/4a8a08f09d37b73795649038408b5f33: /usr/local/src/jekyll-test/github-pages-sandbox/_posts_wmd/2014-10-15-nomogram/.workingwiki/standalone/4a8a08f09d37b73795649038408b5f33
Syncing source files to project file____usr_local_src_jekyll-test_github-pages-sandbox__posts_wmd_2014-10-15-nomogram_.workingwiki_standalone_4a8a08f09d37b73795649038408b5f33 persistent directory: GNUmakefile 4a8a08f09d37b73795649038408b5f33.tex-math
PE: about to make.  4a8a08f09d37b73795649038408b5f33.tex-math.latexml.html doesn't exist
PE: env 'WW_ALL_SOURCE_FILES_UNEXPANDED'='$(WW_THIS_DIR)/GNUmakefile $(WW_THIS_DIR)/4a8a08f09d37b73795649038408b5f33.tex-math' 'time-limit'='180' 'WW_THIS_DIR'='/usr/local/src/jekyll-test/github-pages-sandbox/_posts_wmd/2014-10-15-nomogram/.workingwiki/standalone/4a8a08f09d37b73795649038408b5f33' 'PATH'='/usr/local/bin:/usr/bin:/bin' 'RESOURCES'='/usr/local/src/workingwiki-trunk/ProjectEngine/resources' 'FOREGROUND_ONLY'='1' /usr/local/src/workingwiki-trunk/ProjectEngine/pe-make -C '/usr/local/src/jekyll-test/github-pages-sandbox/_posts_wmd/2014-10-15-nomogram/.workingwiki/standalone/4a8a08f09d37b73795649038408b5f33' '4a8a08f09d37b73795649038408b5f33.tex-math.latexml.html' 2>&1 | stdbuf -o L tee '/usr/local/src/jekyll-test/github-pages-sandbox/_posts_wmd/2014-10-15-nomogram/.workingwiki/standalone/4a8a08f09d37b73795649038408b5f33/4a8a08f09d37b73795649038408b5f33.tex-math.latexml.html.make.log'
Sat Oct 18 00:06:14 2014
/usr/bin/make -C \
    /usr/local/src/jekyll-test/github-pages-sandbox/_posts_wmd/2014-10-15-nomogram/.workingwiki/standalone/4a8a08f09d37b73795649038408b5f33 \
    4a8a08f09d37b73795649038408b5f33.tex-math.latexml.html
Including .mk files:  
Including tex.d files: 
make: Entering directory `/usr/local/src/jekyll-test/github-pages-sandbox/_posts_wmd/2014-10-15-nomogram/.workingwiki/standalone/4a8a08f09d37b73795649038408b5f33'
make: `4a8a08f09d37b73795649038408b5f33.tex-math.latexml.html' is up to date.
make: Leaving directory `/usr/local/src/jekyll-test/github-pages-sandbox/_posts_wmd/2014-10-15-nomogram/.workingwiki/standalone/4a8a08f09d37b73795649038408b5f33'
Make succeeded.
Sat Oct 18 00:06:14 2014
PE: make succeeds
PE: result target_file_contents: {"4a8a08f09d37b73795649038408b5f33.tex-math.latexml.html":["p","\/usr\/local\/src\/jekyll-test\/github-pages-sandbox\/_posts_wmd\/2014-10-15-nomogram\/.workingwiki\/standalone\/4a8a08f09d37b73795649038408b5f33\/4a8a08f09d37b73795649038408b5f33.tex-math.latexml.html"]}
PE: 4a8a08f09d37b73795649038408b5f33.tex-math.latexml.html doesn't exist
PE result: {"target-file-contents":{"4a8a08f09d37b73795649038408b5f33.tex-math.latexml.html":["p","\/usr\/local\/src\/jekyll-test\/github-pages-sandbox\/_posts_wmd\/2014-10-15-nomogram\/.workingwiki\/standalone\/4a8a08f09d37b73795649038408b5f33\/4a8a08f09d37b73795649038408b5f33.tex-math.latexml.html"]},"succeeded":true}
PHP Warning:  copy(): The first argument to copy() function cannot be a directory in /usr/local/src/working-markdown/wmd.php on line 130
PHP Notice:  Undefined index: file_content in /usr/local/src/workingwiki-trunk/WWInterface.php on line 549
fill_pe_request: getting all_source_file_contents.
find_source_file_content page_mod_time: /usr/local/src/jekyll-test/github-pages-sandbox/_posts_wmd/2014-10-15-nomogram.html.wmd
 putting it in 'source-file-contents'

request to PE: {"operation":{"name":"make","target":"example.Rout.png","env":{"WW_ALL_SOURCE_FILES_UNEXPANDED":"$(WW_THIS_DIR)\/GNUmakefile $(WW_THIS_DIR)\/nomogram.R $(WW_THIS_DIR)\/example.mk $(WW_THIS_DIR)\/example.R $(WW_THIS_DIR)\/another.mk $(WW_THIS_DIR)\/another.R"},"use-default-makefiles":false},"projects":{"file:\/\/\/usr\/local\/src\/jekyll-test\/github-pages-sandbox\/_posts_wmd\/2014-10-15-nomogram":{"short-dir":"file____usr_local_src_jekyll-test_github-pages-sandbox__posts_wmd_2014-10-15-nomogram","readonly":false,"source-file-contents":{"GNUmakefile":["c","### GNUmakefile automatically generated by WorkingWiki ###\nWW_THIS_PROJECT_SOURCE_FILES = GNUmakefile nomogram.R example.mk example.R another.mk another.R\nPREREQUISITE_PROJECTS =\nifndef RESOURCES\n  # ProjectEngine provides RESOURCES and the prerequisite project\n  # locations.  If they aren't provided, we're in an exported directory.\n  export RESOURCES = ..\/.workingwiki\/resources\nendif\ninclude $(RESOURCES)\/makefile-before\nifeq ($(filter makefile, $(wildcard makefile)),makefile)\n  include makefile\nelse ifeq ($(filter Makefile, $(wildcard Makefile)),Makefile)\n  include Makefile\nendif\ninclude $(RESOURCES)\/makefile-after\n",1413615974],"nomogram.R":["c","dev.off()\npdf(height=9.5, width=6.5)\nnomogram <- function(xoff=0.1, asp=1\/16){\n\tplot(NULL, NULL, asp=asp,\n\t\tmain = expression(x**2 %+-% bx + c == 0),\n\t\txlim=c(-xoff, 1+xoff), ylim=c(-10,10), axes=FALSE,\n\t\txaxs=\"i\", yaxs=\"i\",\n\t\txlab=\"\", ylab=\"\"\n\t)\n\n\tvertical_axis <- function(pos, side=2){\n\t\taxis(side, pos=pos, at=-10:10)\n\t\taxis(side, pos=pos, at= seq(-10, 10, by=0.5), \n\t\t\tlabels=FALSE, tcl=-0.4)\n\t\taxis(side, pos=pos, at= seq(-10, 10, by=0.1), \n\t\t\tlabels=FALSE, tcl=-0.2)\n\t}\n\n\tvertical_axis(0)\n\tvertical_axis(1, 4)\n\ttext(0.05, 9, \"b\")\n\ttext(0.95, 9, \"c\")\n\n\tr = seq(0, 10, length.out=1001)\n\tlines(1\/(r+1), -r^2\/(r+1))\n\n\trticks <- function(r, tcl, asp=1, labels=FALSE, ll=0.9){\n\t\tx <- 1\/(r+1)\n\t\ty <- -r^2\/(r+1)\n\t\tyx <- (r^2+2*r)*asp\n\t\trad <- sqrt(1+yx^2)\n\t\txp <- 1\/(asp*rad)\n\t\typ <- yx\/rad\n\t\tx0 <- x+yp*tcl\/2\n\t\tx1 <- x-yp*tcl\/2\n\t\ty0 <- y-xp*tcl\/2\n\t\ty1 <- y+xp*tcl\/2\n\t\tarrows(x0, y0, x1, y1, length=0)\n\t\tif(labels){\n\t\t\ttext(x-ll*yp*tcl, y+ll*xp*tcl, r)\n\t\t}\n\t}\n\n\trticks(seq(1, 10, by=1), 0.08, asp, labels=TRUE)\n\trticks(seq(0, 10, by=0.5), 0.05, asp)\n\trticks(seq(0, 4, by=0.1), 0.03, asp)\n\trticks(seq(4, 10, by=0.25), 0.04, asp)\n}\n\nnomogram()\n",1413615974],"example.mk":["c","example.Rout: nomogram.RData example.R\n",1413615974],"example.R":["c","eqLines <- function(a, b){\n\tabline(a, b-a, lty=2, lwd=1.5)\n\tabline(-a, b+a, lty=3, lwd=1.5)\n}\nnomogram()\neqLines(-3, -5)\n",1413615974],"another.mk":["c","another.Rout: example.RData\n",1413615974],"another.R":["c","nomogram()\neqLines(-5, 1)\n",1413615974]},"process-in-place":true}},"pe-files-are-accessible":true,"password":"password","log-to-stdout":true}
PE: main repo: file:///usr/local/src/jekyll-test/github-pages-sandbox/_posts_wmd/2014-10-15-nomogram: /usr/local/src/jekyll-test/github-pages-sandbox/_posts_wmd/2014-10-15-nomogram
Syncing source files to project file____usr_local_src_jekyll-test_github-pages-sandbox__posts_wmd_2014-10-15-nomogram persistent directory: GNUmakefile nomogram.R example.mk example.R another.mk another.R
PE: about to make.  example.Rout.png doesn't exist
PE: env 'WW_ALL_SOURCE_FILES_UNEXPANDED'='$(WW_THIS_DIR)/GNUmakefile $(WW_THIS_DIR)/nomogram.R $(WW_THIS_DIR)/example.mk $(WW_THIS_DIR)/example.R $(WW_THIS_DIR)/another.mk $(WW_THIS_DIR)/another.R' 'time-limit'='180' 'WW_THIS_DIR'='/usr/local/src/jekyll-test/github-pages-sandbox/_posts_wmd/2014-10-15-nomogram' 'PATH'='/usr/local/bin:/usr/bin:/bin' 'RESOURCES'='/usr/local/src/workingwiki-trunk/ProjectEngine/resources' 'FOREGROUND_ONLY'='1' /usr/local/src/workingwiki-trunk/ProjectEngine/pe-make -C '/usr/local/src/jekyll-test/github-pages-sandbox/_posts_wmd/2014-10-15-nomogram' 'example.Rout.png' 2>&1 | stdbuf -o L tee '/usr/local/src/jekyll-test/github-pages-sandbox/_posts_wmd/2014-10-15-nomogram/example.Rout.png.make.log'
Sat Oct 18 00:06:14 2014
/usr/bin/make -C \
    /usr/local/src/jekyll-test/github-pages-sandbox/_posts_wmd/2014-10-15-nomogram \
    example.Rout.png
Including .mk files: example.mk another.mk 
Including tex.d files: 
make: Entering directory `/usr/local/src/jekyll-test/github-pages-sandbox/_posts_wmd/2014-10-15-nomogram'
make: `example.Rout.png' is up to date.
make: Leaving directory `/usr/local/src/jekyll-test/github-pages-sandbox/_posts_wmd/2014-10-15-nomogram'
Make succeeded.
Sat Oct 18 00:06:14 2014
PE: make succeeds
PE: result target_file_contents: {"example.Rout.png":["p","\/usr\/local\/src\/jekyll-test\/github-pages-sandbox\/_posts_wmd\/2014-10-15-nomogram\/example.Rout.png"]}
PE: example.Rout.png doesn't exist
PE result: {"target-file-contents":{"example.Rout.png":["p","\/usr\/local\/src\/jekyll-test\/github-pages-sandbox\/_posts_wmd\/2014-10-15-nomogram\/example.Rout.png"]},"succeeded":true}
PHP Notice:  Undefined index: file_content in /usr/local/src/workingwiki-trunk/WWInterface.php on line 549
PHP Warning:  copy(/usr/local/src/jekyll-test/github-pages-sandbox/_posts_wmd/2014-10-15-nomogram/.workingwiki/standalone/fb7e65ce9c8bf043f622f48b5bda4db7/fb7e65ce9c8bf043f622f48b5bda4db7.tex-math.pdf): failed to open stream: No such file or directory in /usr/local/src/working-markdown/wmd.php on line 130
fill_pe_request: getting all_source_file_contents.
find_source_file_content page_mod_time: /usr/local/src/jekyll-test/github-pages-sandbox/_posts_wmd/2014-10-15-nomogram.html.wmd
 putting it in 'source-file-contents'

request to PE: {"operation":{"name":"make","target":"fb7e65ce9c8bf043f622f48b5bda4db7.tex-math.latexml.html","env":{"WW_ALL_SOURCE_FILES_UNEXPANDED":"$(WW_THIS_DIR)\/GNUmakefile $(WW_THIS_DIR)\/fb7e65ce9c8bf043f622f48b5bda4db7.tex-math"},"use-default-makefiles":false},"projects":{"file:\/\/\/usr\/local\/src\/jekyll-test\/github-pages-sandbox\/_posts_wmd\/2014-10-15-nomogram\/.workingwiki\/standalone\/fb7e65ce9c8bf043f622f48b5bda4db7":{"short-dir":"file____usr_local_src_jekyll-test_github-pages-sandbox__posts_wmd_2014-10-15-nomogram_.workingwiki_standalone_fb7e65ce9c8bf043f622f48b5bda4db7","readonly":false,"source-file-contents":{"GNUmakefile":["c","### GNUmakefile automatically generated by WorkingWiki ###\nWW_THIS_PROJECT_SOURCE_FILES = GNUmakefile fb7e65ce9c8bf043f622f48b5bda4db7.tex-math\nPREREQUISITE_PROJECTS =\nifndef RESOURCES\n  # ProjectEngine provides RESOURCES and the prerequisite project\n  # locations.  If they aren't provided, we're in an exported directory.\n  export RESOURCES = ..\/.workingwiki\/resources\nendif\ninclude $(RESOURCES)\/makefile-before\nifeq ($(filter makefile, $(wildcard makefile)),makefile)\n  include makefile\nelse ifeq ($(filter Makefile, $(wildcard Makefile)),Makefile)\n  include Makefile\nendif\ninclude $(RESOURCES)\/makefile-after\n",1413615974],"fb7e65ce9c8bf043f622f48b5bda4db7.tex-math":["c","x^2-3x-5=0",1413615974]},"process-in-place":true}},"pe-files-are-accessible":true,"password":"password","log-to-stdout":true}
PE: main repo: file:///usr/local/src/jekyll-test/github-pages-sandbox/_posts_wmd/2014-10-15-nomogram/.workingwiki/standalone/fb7e65ce9c8bf043f622f48b5bda4db7: /usr/local/src/jekyll-test/github-pages-sandbox/_posts_wmd/2014-10-15-nomogram/.workingwiki/standalone/fb7e65ce9c8bf043f622f48b5bda4db7
Syncing source files to project file____usr_local_src_jekyll-test_github-pages-sandbox__posts_wmd_2014-10-15-nomogram_.workingwiki_standalone_fb7e65ce9c8bf043f622f48b5bda4db7 persistent directory: GNUmakefile fb7e65ce9c8bf043f622f48b5bda4db7.tex-math
PE: about to make.  fb7e65ce9c8bf043f622f48b5bda4db7.tex-math.latexml.html doesn't exist
PE: env 'WW_ALL_SOURCE_FILES_UNEXPANDED'='$(WW_THIS_DIR)/GNUmakefile $(WW_THIS_DIR)/fb7e65ce9c8bf043f622f48b5bda4db7.tex-math' 'time-limit'='180' 'WW_THIS_DIR'='/usr/local/src/jekyll-test/github-pages-sandbox/_posts_wmd/2014-10-15-nomogram/.workingwiki/standalone/fb7e65ce9c8bf043f622f48b5bda4db7' 'PATH'='/usr/local/bin:/usr/bin:/bin' 'RESOURCES'='/usr/local/src/workingwiki-trunk/ProjectEngine/resources' 'FOREGROUND_ONLY'='1' /usr/local/src/workingwiki-trunk/ProjectEngine/pe-make -C '/usr/local/src/jekyll-test/github-pages-sandbox/_posts_wmd/2014-10-15-nomogram/.workingwiki/standalone/fb7e65ce9c8bf043f622f48b5bda4db7' 'fb7e65ce9c8bf043f622f48b5bda4db7.tex-math.latexml.html' 2>&1 | stdbuf -o L tee '/usr/local/src/jekyll-test/github-pages-sandbox/_posts_wmd/2014-10-15-nomogram/.workingwiki/standalone/fb7e65ce9c8bf043f622f48b5bda4db7/fb7e65ce9c8bf043f622f48b5bda4db7.tex-math.latexml.html.make.log'
Sat Oct 18 00:06:14 2014
/usr/bin/make -C \
    /usr/local/src/jekyll-test/github-pages-sandbox/_posts_wmd/2014-10-15-nomogram/.workingwiki/standalone/fb7e65ce9c8bf043f622f48b5bda4db7 \
    fb7e65ce9c8bf043f622f48b5bda4db7.tex-math.latexml.html
Including .mk files:  
Including tex.d files: 
make: Entering directory `/usr/local/src/jekyll-test/github-pages-sandbox/_posts_wmd/2014-10-15-nomogram/.workingwiki/standalone/fb7e65ce9c8bf043f622f48b5bda4db7'
make: `fb7e65ce9c8bf043f622f48b5bda4db7.tex-math.latexml.html' is up to date.
make: Leaving directory `/usr/local/src/jekyll-test/github-pages-sandbox/_posts_wmd/2014-10-15-nomogram/.workingwiki/standalone/fb7e65ce9c8bf043f622f48b5bda4db7'
Make succeeded.
Sat Oct 18 00:06:14 2014
PE: make succeeds
PE: result target_file_contents: {"fb7e65ce9c8bf043f622f48b5bda4db7.tex-math.latexml.html":["p","\/usr\/local\/src\/jekyll-test\/github-pages-sandbox\/_posts_wmd\/2014-10-15-nomogram\/.workingwiki\/standalone\/fb7e65ce9c8bf043f622f48b5bda4db7\/fb7e65ce9c8bf043f622f48b5bda4db7.tex-math.latexml.html"]}
PE: fb7e65ce9c8bf043f622f48b5bda4db7.tex-math.latexml.html doesn't exist
PE result: {"target-file-contents":{"fb7e65ce9c8bf043f622f48b5bda4db7.tex-math.latexml.html":["p","\/usr\/local\/src\/jekyll-test\/github-pages-sandbox\/_posts_wmd\/2014-10-15-nomogram\/.workingwiki\/standalone\/fb7e65ce9c8bf043f622f48b5bda4db7\/fb7e65ce9c8bf043f622f48b5bda4db7.tex-math.latexml.html"]},"succeeded":true}
PHP Warning:  copy(): The first argument to copy() function cannot be a directory in /usr/local/src/working-markdown/wmd.php on line 130
PHP Notice:  Undefined index: file_content in /usr/local/src/workingwiki-trunk/WWInterface.php on line 549
PHP Warning:  copy(/usr/local/src/jekyll-test/github-pages-sandbox/_posts_wmd/2014-10-15-nomogram/.workingwiki/standalone/92eb5ffee6ae2fec3ad71c777531578f/92eb5ffee6ae2fec3ad71c777531578f.tex-math.pdf): failed to open stream: No such file or directory in /usr/local/src/working-markdown/wmd.php on line 130
fill_pe_request: getting all_source_file_contents.
find_source_file_content page_mod_time: /usr/local/src/jekyll-test/github-pages-sandbox/_posts_wmd/2014-10-15-nomogram.html.wmd
 putting it in 'source-file-contents'

request to PE: {"operation":{"name":"make","target":"92eb5ffee6ae2fec3ad71c777531578f.tex-math.latexml.html","env":{"WW_ALL_SOURCE_FILES_UNEXPANDED":"$(WW_THIS_DIR)\/GNUmakefile $(WW_THIS_DIR)\/92eb5ffee6ae2fec3ad71c777531578f.tex-math"},"use-default-makefiles":false},"projects":{"file:\/\/\/usr\/local\/src\/jekyll-test\/github-pages-sandbox\/_posts_wmd\/2014-10-15-nomogram\/.workingwiki\/standalone\/92eb5ffee6ae2fec3ad71c777531578f":{"short-dir":"file____usr_local_src_jekyll-test_github-pages-sandbox__posts_wmd_2014-10-15-nomogram_.workingwiki_standalone_92eb5ffee6ae2fec3ad71c777531578f","readonly":false,"source-file-contents":{"GNUmakefile":["c","### GNUmakefile automatically generated by WorkingWiki ###\nWW_THIS_PROJECT_SOURCE_FILES = GNUmakefile 92eb5ffee6ae2fec3ad71c777531578f.tex-math\nPREREQUISITE_PROJECTS =\nifndef RESOURCES\n  # ProjectEngine provides RESOURCES and the prerequisite project\n  # locations.  If they aren't provided, we're in an exported directory.\n  export RESOURCES = ..\/.workingwiki\/resources\nendif\ninclude $(RESOURCES)\/makefile-before\nifeq ($(filter makefile, $(wildcard makefile)),makefile)\n  include makefile\nelse ifeq ($(filter Makefile, $(wildcard Makefile)),Makefile)\n  include Makefile\nendif\ninclude $(RESOURCES)\/makefile-after\n",1413615974],"92eb5ffee6ae2fec3ad71c777531578f.tex-math":["c","b",1413615974]},"process-in-place":true}},"pe-files-are-accessible":true,"password":"password","log-to-stdout":true}
PE: main repo: file:///usr/local/src/jekyll-test/github-pages-sandbox/_posts_wmd/2014-10-15-nomogram/.workingwiki/standalone/92eb5ffee6ae2fec3ad71c777531578f: /usr/local/src/jekyll-test/github-pages-sandbox/_posts_wmd/2014-10-15-nomogram/.workingwiki/standalone/92eb5ffee6ae2fec3ad71c777531578f
Syncing source files to project file____usr_local_src_jekyll-test_github-pages-sandbox__posts_wmd_2014-10-15-nomogram_.workingwiki_standalone_92eb5ffee6ae2fec3ad71c777531578f persistent directory: GNUmakefile 92eb5ffee6ae2fec3ad71c777531578f.tex-math
PE: about to make.  92eb5ffee6ae2fec3ad71c777531578f.tex-math.latexml.html doesn't exist
PE: env 'WW_ALL_SOURCE_FILES_UNEXPANDED'='$(WW_THIS_DIR)/GNUmakefile $(WW_THIS_DIR)/92eb5ffee6ae2fec3ad71c777531578f.tex-math' 'time-limit'='180' 'WW_THIS_DIR'='/usr/local/src/jekyll-test/github-pages-sandbox/_posts_wmd/2014-10-15-nomogram/.workingwiki/standalone/92eb5ffee6ae2fec3ad71c777531578f' 'PATH'='/usr/local/bin:/usr/bin:/bin' 'RESOURCES'='/usr/local/src/workingwiki-trunk/ProjectEngine/resources' 'FOREGROUND_ONLY'='1' /usr/local/src/workingwiki-trunk/ProjectEngine/pe-make -C '/usr/local/src/jekyll-test/github-pages-sandbox/_posts_wmd/2014-10-15-nomogram/.workingwiki/standalone/92eb5ffee6ae2fec3ad71c777531578f' '92eb5ffee6ae2fec3ad71c777531578f.tex-math.latexml.html' 2>&1 | stdbuf -o L tee '/usr/local/src/jekyll-test/github-pages-sandbox/_posts_wmd/2014-10-15-nomogram/.workingwiki/standalone/92eb5ffee6ae2fec3ad71c777531578f/92eb5ffee6ae2fec3ad71c777531578f.tex-math.latexml.html.make.log'
Sat Oct 18 00:06:14 2014
/usr/bin/make -C \
    /usr/local/src/jekyll-test/github-pages-sandbox/_posts_wmd/2014-10-15-nomogram/.workingwiki/standalone/92eb5ffee6ae2fec3ad71c777531578f \
    92eb5ffee6ae2fec3ad71c777531578f.tex-math.latexml.html
Including .mk files:  
Including tex.d files: 
make: Entering directory `/usr/local/src/jekyll-test/github-pages-sandbox/_posts_wmd/2014-10-15-nomogram/.workingwiki/standalone/92eb5ffee6ae2fec3ad71c777531578f'
make: `92eb5ffee6ae2fec3ad71c777531578f.tex-math.latexml.html' is up to date.
make: Leaving directory `/usr/local/src/jekyll-test/github-pages-sandbox/_posts_wmd/2014-10-15-nomogram/.workingwiki/standalone/92eb5ffee6ae2fec3ad71c777531578f'
Make succeeded.
Sat Oct 18 00:06:14 2014
PE: make succeeds
PE: result target_file_contents: {"92eb5ffee6ae2fec3ad71c777531578f.tex-math.latexml.html":["p","\/usr\/local\/src\/jekyll-test\/github-pages-sandbox\/_posts_wmd\/2014-10-15-nomogram\/.workingwiki\/standalone\/92eb5ffee6ae2fec3ad71c777531578f\/92eb5ffee6ae2fec3ad71c777531578f.tex-math.latexml.html"]}
PE: 92eb5ffee6ae2fec3ad71c777531578f.tex-math.latexml.html doesn't exist
PE result: {"target-file-contents":{"92eb5ffee6ae2fec3ad71c777531578f.tex-math.latexml.html":["p","\/usr\/local\/src\/jekyll-test\/github-pages-sandbox\/_posts_wmd\/2014-10-15-nomogram\/.workingwiki\/standalone\/92eb5ffee6ae2fec3ad71c777531578f\/92eb5ffee6ae2fec3ad71c777531578f.tex-math.latexml.html"]},"succeeded":true}
PHP Warning:  copy(): The first argument to copy() function cannot be a directory in /usr/local/src/working-markdown/wmd.php on line 130
PHP Notice:  Undefined index: file_content in /usr/local/src/workingwiki-trunk/WWInterface.php on line 549
PHP Warning:  copy(/usr/local/src/jekyll-test/github-pages-sandbox/_posts_wmd/2014-10-15-nomogram/.workingwiki/standalone/15e4235e578d96be98a6c3f8a346a52c/15e4235e578d96be98a6c3f8a346a52c.tex-math.pdf): failed to open stream: No such file or directory in /usr/local/src/working-markdown/wmd.php on line 130
fill_pe_request: getting all_source_file_contents.
find_source_file_content page_mod_time: /usr/local/src/jekyll-test/github-pages-sandbox/_posts_wmd/2014-10-15-nomogram.html.wmd
 putting it in 'source-file-contents'

request to PE: {"operation":{"name":"make","target":"15e4235e578d96be98a6c3f8a346a52c.tex-math.latexml.html","env":{"WW_ALL_SOURCE_FILES_UNEXPANDED":"$(WW_THIS_DIR)\/GNUmakefile $(WW_THIS_DIR)\/15e4235e578d96be98a6c3f8a346a52c.tex-math"},"use-default-makefiles":false},"projects":{"file:\/\/\/usr\/local\/src\/jekyll-test\/github-pages-sandbox\/_posts_wmd\/2014-10-15-nomogram\/.workingwiki\/standalone\/15e4235e578d96be98a6c3f8a346a52c":{"short-dir":"file____usr_local_src_jekyll-test_github-pages-sandbox__posts_wmd_2014-10-15-nomogram_.workingwiki_standalone_15e4235e578d96be98a6c3f8a346a52c","readonly":false,"source-file-contents":{"GNUmakefile":["c","### GNUmakefile automatically generated by WorkingWiki ###\nWW_THIS_PROJECT_SOURCE_FILES = GNUmakefile 15e4235e578d96be98a6c3f8a346a52c.tex-math\nPREREQUISITE_PROJECTS =\nifndef RESOURCES\n  # ProjectEngine provides RESOURCES and the prerequisite project\n  # locations.  If they aren't provided, we're in an exported directory.\n  export RESOURCES = ..\/.workingwiki\/resources\nendif\ninclude $(RESOURCES)\/makefile-before\nifeq ($(filter makefile, $(wildcard makefile)),makefile)\n  include makefile\nelse ifeq ($(filter Makefile, $(wildcard Makefile)),Makefile)\n  include Makefile\nendif\ninclude $(RESOURCES)\/makefile-after\n",1413615974],"15e4235e578d96be98a6c3f8a346a52c.tex-math":["c","-b",1413615974]},"process-in-place":true}},"pe-files-are-accessible":true,"password":"password","log-to-stdout":true}
PE: main repo: file:///usr/local/src/jekyll-test/github-pages-sandbox/_posts_wmd/2014-10-15-nomogram/.workingwiki/standalone/15e4235e578d96be98a6c3f8a346a52c: /usr/local/src/jekyll-test/github-pages-sandbox/_posts_wmd/2014-10-15-nomogram/.workingwiki/standalone/15e4235e578d96be98a6c3f8a346a52c
Syncing source files to project file____usr_local_src_jekyll-test_github-pages-sandbox__posts_wmd_2014-10-15-nomogram_.workingwiki_standalone_15e4235e578d96be98a6c3f8a346a52c persistent directory: GNUmakefile 15e4235e578d96be98a6c3f8a346a52c.tex-math
PE: about to make.  15e4235e578d96be98a6c3f8a346a52c.tex-math.latexml.html doesn't exist
PE: env 'WW_ALL_SOURCE_FILES_UNEXPANDED'='$(WW_THIS_DIR)/GNUmakefile $(WW_THIS_DIR)/15e4235e578d96be98a6c3f8a346a52c.tex-math' 'time-limit'='180' 'WW_THIS_DIR'='/usr/local/src/jekyll-test/github-pages-sandbox/_posts_wmd/2014-10-15-nomogram/.workingwiki/standalone/15e4235e578d96be98a6c3f8a346a52c' 'PATH'='/usr/local/bin:/usr/bin:/bin' 'RESOURCES'='/usr/local/src/workingwiki-trunk/ProjectEngine/resources' 'FOREGROUND_ONLY'='1' /usr/local/src/workingwiki-trunk/ProjectEngine/pe-make -C '/usr/local/src/jekyll-test/github-pages-sandbox/_posts_wmd/2014-10-15-nomogram/.workingwiki/standalone/15e4235e578d96be98a6c3f8a346a52c' '15e4235e578d96be98a6c3f8a346a52c.tex-math.latexml.html' 2>&1 | stdbuf -o L tee '/usr/local/src/jekyll-test/github-pages-sandbox/_posts_wmd/2014-10-15-nomogram/.workingwiki/standalone/15e4235e578d96be98a6c3f8a346a52c/15e4235e578d96be98a6c3f8a346a52c.tex-math.latexml.html.make.log'
Sat Oct 18 00:06:14 2014
/usr/bin/make -C \
    /usr/local/src/jekyll-test/github-pages-sandbox/_posts_wmd/2014-10-15-nomogram/.workingwiki/standalone/15e4235e578d96be98a6c3f8a346a52c \
    15e4235e578d96be98a6c3f8a346a52c.tex-math.latexml.html
Including .mk files:  
Including tex.d files: 
make: Entering directory `/usr/local/src/jekyll-test/github-pages-sandbox/_posts_wmd/2014-10-15-nomogram/.workingwiki/standalone/15e4235e578d96be98a6c3f8a346a52c'
make: `15e4235e578d96be98a6c3f8a346a52c.tex-math.latexml.html' is up to date.
make: Leaving directory `/usr/local/src/jekyll-test/github-pages-sandbox/_posts_wmd/2014-10-15-nomogram/.workingwiki/standalone/15e4235e578d96be98a6c3f8a346a52c'
Make succeeded.
Sat Oct 18 00:06:14 2014
PE: make succeeds
PE: result target_file_contents: {"15e4235e578d96be98a6c3f8a346a52c.tex-math.latexml.html":["p","\/usr\/local\/src\/jekyll-test\/github-pages-sandbox\/_posts_wmd\/2014-10-15-nomogram\/.workingwiki\/standalone\/15e4235e578d96be98a6c3f8a346a52c\/15e4235e578d96be98a6c3f8a346a52c.tex-math.latexml.html"]}
PE: 15e4235e578d96be98a6c3f8a346a52c.tex-math.latexml.html doesn't exist
PE result: {"target-file-contents":{"15e4235e578d96be98a6c3f8a346a52c.tex-math.latexml.html":["p","\/usr\/local\/src\/jekyll-test\/github-pages-sandbox\/_posts_wmd\/2014-10-15-nomogram\/.workingwiki\/standalone\/15e4235e578d96be98a6c3f8a346a52c\/15e4235e578d96be98a6c3f8a346a52c.tex-math.latexml.html"]},"succeeded":true}
PHP Warning:  copy(): The first argument to copy() function cannot be a directory in /usr/local/src/working-markdown/wmd.php on line 130
PHP Notice:  Undefined index: file_content in /usr/local/src/workingwiki-trunk/WWInterface.php on line 549
request to PE: {"operation":{"name":"make","target":"another.Rout.png","env":{"WW_ALL_SOURCE_FILES_UNEXPANDED":"$(WW_THIS_DIR)\/GNUmakefile $(WW_THIS_DIR)\/nomogram.R $(WW_THIS_DIR)\/example.mk $(WW_THIS_DIR)\/example.R $(WW_THIS_DIR)\/another.mk $(WW_THIS_DIR)\/another.R"},"use-default-makefiles":false},"projects":{"file:\/\/\/usr\/local\/src\/jekyll-test\/github-pages-sandbox\/_posts_wmd\/2014-10-15-nomogram":{"short-dir":"file____usr_local_src_jekyll-test_github-pages-sandbox__posts_wmd_2014-10-15-nomogram","readonly":false,"process-in-place":true}},"pe-files-are-accessible":true,"password":"password","log-to-stdout":true}
PE: main repo: file:///usr/local/src/jekyll-test/github-pages-sandbox/_posts_wmd/2014-10-15-nomogram: /usr/local/src/jekyll-test/github-pages-sandbox/_posts_wmd/2014-10-15-nomogram
PE: about to make.  another.Rout.png doesn't exist
PE: env 'WW_ALL_SOURCE_FILES_UNEXPANDED'='$(WW_THIS_DIR)/GNUmakefile $(WW_THIS_DIR)/nomogram.R $(WW_THIS_DIR)/example.mk $(WW_THIS_DIR)/example.R $(WW_THIS_DIR)/another.mk $(WW_THIS_DIR)/another.R' 'time-limit'='180' 'WW_THIS_DIR'='/usr/local/src/jekyll-test/github-pages-sandbox/_posts_wmd/2014-10-15-nomogram' 'PATH'='/usr/local/bin:/usr/bin:/bin' 'RESOURCES'='/usr/local/src/workingwiki-trunk/ProjectEngine/resources' 'FOREGROUND_ONLY'='1' /usr/local/src/workingwiki-trunk/ProjectEngine/pe-make -C '/usr/local/src/jekyll-test/github-pages-sandbox/_posts_wmd/2014-10-15-nomogram' 'another.Rout.png' 2>&1 | stdbuf -o L tee '/usr/local/src/jekyll-test/github-pages-sandbox/_posts_wmd/2014-10-15-nomogram/another.Rout.png.make.log'
Sat Oct 18 00:06:14 2014
/usr/bin/make -C \
    /usr/local/src/jekyll-test/github-pages-sandbox/_posts_wmd/2014-10-15-nomogram \
    another.Rout.png
Including .mk files: example.mk another.mk 
Including tex.d files: 
make: Entering directory `/usr/local/src/jekyll-test/github-pages-sandbox/_posts_wmd/2014-10-15-nomogram'
make: `another.Rout.png' is up to date.
make: Leaving directory `/usr/local/src/jekyll-test/github-pages-sandbox/_posts_wmd/2014-10-15-nomogram'
Make succeeded.
Sat Oct 18 00:06:14 2014
PE: make succeeds
PE: result target_file_contents: {"another.Rout.png":["p","\/usr\/local\/src\/jekyll-test\/github-pages-sandbox\/_posts_wmd\/2014-10-15-nomogram\/another.Rout.png"]}
PE: another.Rout.png doesn't exist
PE result: {"target-file-contents":{"another.Rout.png":["p","\/usr\/local\/src\/jekyll-test\/github-pages-sandbox\/_posts_wmd\/2014-10-15-nomogram\/another.Rout.png"]},"succeeded":true}
PHP Notice:  Undefined index: file_content in /usr/local/src/workingwiki-trunk/WWInterface.php on line 549
PHP Warning:  copy(/usr/local/src/jekyll-test/github-pages-sandbox/_posts_wmd/2014-10-15-nomogram/.workingwiki/standalone/f6ceb0e7de7a39451902195c5dfb9635/f6ceb0e7de7a39451902195c5dfb9635.tex-math.pdf): failed to open stream: No such file or directory in /usr/local/src/working-markdown/wmd.php on line 130
fill_pe_request: getting all_source_file_contents.
find_source_file_content page_mod_time: /usr/local/src/jekyll-test/github-pages-sandbox/_posts_wmd/2014-10-15-nomogram.html.wmd
 putting it in 'source-file-contents'

request to PE: {"operation":{"name":"make","target":"f6ceb0e7de7a39451902195c5dfb9635.tex-math.latexml.html","env":{"WW_ALL_SOURCE_FILES_UNEXPANDED":"$(WW_THIS_DIR)\/GNUmakefile $(WW_THIS_DIR)\/f6ceb0e7de7a39451902195c5dfb9635.tex-math"},"use-default-makefiles":false},"projects":{"file:\/\/\/usr\/local\/src\/jekyll-test\/github-pages-sandbox\/_posts_wmd\/2014-10-15-nomogram\/.workingwiki\/standalone\/f6ceb0e7de7a39451902195c5dfb9635":{"short-dir":"file____usr_local_src_jekyll-test_github-pages-sandbox__posts_wmd_2014-10-15-nomogram_.workingwiki_standalone_f6ceb0e7de7a39451902195c5dfb9635","readonly":false,"source-file-contents":{"GNUmakefile":["c","### GNUmakefile automatically generated by WorkingWiki ###\nWW_THIS_PROJECT_SOURCE_FILES = GNUmakefile f6ceb0e7de7a39451902195c5dfb9635.tex-math\nPREREQUISITE_PROJECTS =\nifndef RESOURCES\n  # ProjectEngine provides RESOURCES and the prerequisite project\n  # locations.  If they aren't provided, we're in an exported directory.\n  export RESOURCES = ..\/.workingwiki\/resources\nendif\ninclude $(RESOURCES)\/makefile-before\nifeq ($(filter makefile, $(wildcard makefile)),makefile)\n  include makefile\nelse ifeq ($(filter Makefile, $(wildcard Makefile)),Makefile)\n  include Makefile\nendif\ninclude $(RESOURCES)\/makefile-after\n",1413615974],"f6ceb0e7de7a39451902195c5dfb9635.tex-math":["c","x^2-5x+1 = 0",1413615974]},"process-in-place":true}},"pe-files-are-accessible":true,"password":"password","log-to-stdout":true}
PE: main repo: file:///usr/local/src/jekyll-test/github-pages-sandbox/_posts_wmd/2014-10-15-nomogram/.workingwiki/standalone/f6ceb0e7de7a39451902195c5dfb9635: /usr/local/src/jekyll-test/github-pages-sandbox/_posts_wmd/2014-10-15-nomogram/.workingwiki/standalone/f6ceb0e7de7a39451902195c5dfb9635
Syncing source files to project file____usr_local_src_jekyll-test_github-pages-sandbox__posts_wmd_2014-10-15-nomogram_.workingwiki_standalone_f6ceb0e7de7a39451902195c5dfb9635 persistent directory: GNUmakefile f6ceb0e7de7a39451902195c5dfb9635.tex-math
PE: about to make.  f6ceb0e7de7a39451902195c5dfb9635.tex-math.latexml.html doesn't exist
PE: env 'WW_ALL_SOURCE_FILES_UNEXPANDED'='$(WW_THIS_DIR)/GNUmakefile $(WW_THIS_DIR)/f6ceb0e7de7a39451902195c5dfb9635.tex-math' 'time-limit'='180' 'WW_THIS_DIR'='/usr/local/src/jekyll-test/github-pages-sandbox/_posts_wmd/2014-10-15-nomogram/.workingwiki/standalone/f6ceb0e7de7a39451902195c5dfb9635' 'PATH'='/usr/local/bin:/usr/bin:/bin' 'RESOURCES'='/usr/local/src/workingwiki-trunk/ProjectEngine/resources' 'FOREGROUND_ONLY'='1' /usr/local/src/workingwiki-trunk/ProjectEngine/pe-make -C '/usr/local/src/jekyll-test/github-pages-sandbox/_posts_wmd/2014-10-15-nomogram/.workingwiki/standalone/f6ceb0e7de7a39451902195c5dfb9635' 'f6ceb0e7de7a39451902195c5dfb9635.tex-math.latexml.html' 2>&1 | stdbuf -o L tee '/usr/local/src/jekyll-test/github-pages-sandbox/_posts_wmd/2014-10-15-nomogram/.workingwiki/standalone/f6ceb0e7de7a39451902195c5dfb9635/f6ceb0e7de7a39451902195c5dfb9635.tex-math.latexml.html.make.log'
Sat Oct 18 00:06:14 2014
/usr/bin/make -C \
    /usr/local/src/jekyll-test/github-pages-sandbox/_posts_wmd/2014-10-15-nomogram/.workingwiki/standalone/f6ceb0e7de7a39451902195c5dfb9635 \
    f6ceb0e7de7a39451902195c5dfb9635.tex-math.latexml.html
Including .mk files:  
Including tex.d files: 
make: Entering directory `/usr/local/src/jekyll-test/github-pages-sandbox/_posts_wmd/2014-10-15-nomogram/.workingwiki/standalone/f6ceb0e7de7a39451902195c5dfb9635'
make: `f6ceb0e7de7a39451902195c5dfb9635.tex-math.latexml.html' is up to date.
make: Leaving directory `/usr/local/src/jekyll-test/github-pages-sandbox/_posts_wmd/2014-10-15-nomogram/.workingwiki/standalone/f6ceb0e7de7a39451902195c5dfb9635'
Make succeeded.
Sat Oct 18 00:06:14 2014
PE: make succeeds
PE: result target_file_contents: {"f6ceb0e7de7a39451902195c5dfb9635.tex-math.latexml.html":["p","\/usr\/local\/src\/jekyll-test\/github-pages-sandbox\/_posts_wmd\/2014-10-15-nomogram\/.workingwiki\/standalone\/f6ceb0e7de7a39451902195c5dfb9635\/f6ceb0e7de7a39451902195c5dfb9635.tex-math.latexml.html"]}
PE: f6ceb0e7de7a39451902195c5dfb9635.tex-math.latexml.html doesn't exist
PE result: {"target-file-contents":{"f6ceb0e7de7a39451902195c5dfb9635.tex-math.latexml.html":["p","\/usr\/local\/src\/jekyll-test\/github-pages-sandbox\/_posts_wmd\/2014-10-15-nomogram\/.workingwiki\/standalone\/f6ceb0e7de7a39451902195c5dfb9635\/f6ceb0e7de7a39451902195c5dfb9635.tex-math.latexml.html"]},"succeeded":true}
PHP Warning:  copy(): The first argument to copy() function cannot be a directory in /usr/local/src/working-markdown/wmd.php on line 130
PHP Notice:  Undefined index: file_content in /usr/local/src/workingwiki-trunk/WWInterface.php on line 549
PHP Warning:  copy(/usr/local/src/jekyll-test/github-pages-sandbox/_posts_wmd/2014-10-15-nomogram/.workingwiki/standalone/4b43b0aee35624cd95b910189b3dc231/4b43b0aee35624cd95b910189b3dc231.tex-math.pdf): failed to open stream: No such file or directory in /usr/local/src/working-markdown/wmd.php on line 130
fill_pe_request: getting all_source_file_contents.
find_source_file_content page_mod_time: /usr/local/src/jekyll-test/github-pages-sandbox/_posts_wmd/2014-10-15-nomogram.html.wmd
 putting it in 'source-file-contents'

request to PE: {"operation":{"name":"make","target":"4b43b0aee35624cd95b910189b3dc231.tex-math.latexml.html","env":{"WW_ALL_SOURCE_FILES_UNEXPANDED":"$(WW_THIS_DIR)\/GNUmakefile $(WW_THIS_DIR)\/4b43b0aee35624cd95b910189b3dc231.tex-math"},"use-default-makefiles":false},"projects":{"file:\/\/\/usr\/local\/src\/jekyll-test\/github-pages-sandbox\/_posts_wmd\/2014-10-15-nomogram\/.workingwiki\/standalone\/4b43b0aee35624cd95b910189b3dc231":{"short-dir":"file____usr_local_src_jekyll-test_github-pages-sandbox__posts_wmd_2014-10-15-nomogram_.workingwiki_standalone_4b43b0aee35624cd95b910189b3dc231","readonly":false,"source-file-contents":{"GNUmakefile":["c","### GNUmakefile automatically generated by WorkingWiki ###\nWW_THIS_PROJECT_SOURCE_FILES = GNUmakefile 4b43b0aee35624cd95b910189b3dc231.tex-math\nPREREQUISITE_PROJECTS =\nifndef RESOURCES\n  # ProjectEngine provides RESOURCES and the prerequisite project\n  # locations.  If they aren't provided, we're in an exported directory.\n  export RESOURCES = ..\/.workingwiki\/resources\nendif\ninclude $(RESOURCES)\/makefile-before\nifeq ($(filter makefile, $(wildcard makefile)),makefile)\n  include makefile\nelse ifeq ($(filter Makefile, $(wildcard Makefile)),Makefile)\n  include Makefile\nendif\ninclude $(RESOURCES)\/makefile-after\n",1413615974],"4b43b0aee35624cd95b910189b3dc231.tex-math":["c","r",1413615974]},"process-in-place":true}},"pe-files-are-accessible":true,"password":"password","log-to-stdout":true}
PE: main repo: file:///usr/local/src/jekyll-test/github-pages-sandbox/_posts_wmd/2014-10-15-nomogram/.workingwiki/standalone/4b43b0aee35624cd95b910189b3dc231: /usr/local/src/jekyll-test/github-pages-sandbox/_posts_wmd/2014-10-15-nomogram/.workingwiki/standalone/4b43b0aee35624cd95b910189b3dc231
Syncing source files to project file____usr_local_src_jekyll-test_github-pages-sandbox__posts_wmd_2014-10-15-nomogram_.workingwiki_standalone_4b43b0aee35624cd95b910189b3dc231 persistent directory: GNUmakefile 4b43b0aee35624cd95b910189b3dc231.tex-math
PE: about to make.  4b43b0aee35624cd95b910189b3dc231.tex-math.latexml.html doesn't exist
PE: env 'WW_ALL_SOURCE_FILES_UNEXPANDED'='$(WW_THIS_DIR)/GNUmakefile $(WW_THIS_DIR)/4b43b0aee35624cd95b910189b3dc231.tex-math' 'time-limit'='180' 'WW_THIS_DIR'='/usr/local/src/jekyll-test/github-pages-sandbox/_posts_wmd/2014-10-15-nomogram/.workingwiki/standalone/4b43b0aee35624cd95b910189b3dc231' 'PATH'='/usr/local/bin:/usr/bin:/bin' 'RESOURCES'='/usr/local/src/workingwiki-trunk/ProjectEngine/resources' 'FOREGROUND_ONLY'='1' /usr/local/src/workingwiki-trunk/ProjectEngine/pe-make -C '/usr/local/src/jekyll-test/github-pages-sandbox/_posts_wmd/2014-10-15-nomogram/.workingwiki/standalone/4b43b0aee35624cd95b910189b3dc231' '4b43b0aee35624cd95b910189b3dc231.tex-math.latexml.html' 2>&1 | stdbuf -o L tee '/usr/local/src/jekyll-test/github-pages-sandbox/_posts_wmd/2014-10-15-nomogram/.workingwiki/standalone/4b43b0aee35624cd95b910189b3dc231/4b43b0aee35624cd95b910189b3dc231.tex-math.latexml.html.make.log'
Sat Oct 18 00:06:14 2014
/usr/bin/make -C \
    /usr/local/src/jekyll-test/github-pages-sandbox/_posts_wmd/2014-10-15-nomogram/.workingwiki/standalone/4b43b0aee35624cd95b910189b3dc231 \
    4b43b0aee35624cd95b910189b3dc231.tex-math.latexml.html
Including .mk files:  
Including tex.d files: 
make: Entering directory `/usr/local/src/jekyll-test/github-pages-sandbox/_posts_wmd/2014-10-15-nomogram/.workingwiki/standalone/4b43b0aee35624cd95b910189b3dc231'
make: `4b43b0aee35624cd95b910189b3dc231.tex-math.latexml.html' is up to date.
make: Leaving directory `/usr/local/src/jekyll-test/github-pages-sandbox/_posts_wmd/2014-10-15-nomogram/.workingwiki/standalone/4b43b0aee35624cd95b910189b3dc231'
Make succeeded.
Sat Oct 18 00:06:14 2014
PE: make succeeds
PE: result target_file_contents: {"4b43b0aee35624cd95b910189b3dc231.tex-math.latexml.html":["p","\/usr\/local\/src\/jekyll-test\/github-pages-sandbox\/_posts_wmd\/2014-10-15-nomogram\/.workingwiki\/standalone\/4b43b0aee35624cd95b910189b3dc231\/4b43b0aee35624cd95b910189b3dc231.tex-math.latexml.html"]}
PE: 4b43b0aee35624cd95b910189b3dc231.tex-math.latexml.html doesn't exist
PE result: {"target-file-contents":{"4b43b0aee35624cd95b910189b3dc231.tex-math.latexml.html":["p","\/usr\/local\/src\/jekyll-test\/github-pages-sandbox\/_posts_wmd\/2014-10-15-nomogram\/.workingwiki\/standalone\/4b43b0aee35624cd95b910189b3dc231\/4b43b0aee35624cd95b910189b3dc231.tex-math.latexml.html"]},"succeeded":true}
PHP Warning:  copy(): The first argument to copy() function cannot be a directory in /usr/local/src/working-markdown/wmd.php on line 130
PHP Notice:  Undefined index: file_content in /usr/local/src/workingwiki-trunk/WWInterface.php on line 549
PHP Warning:  copy(/usr/local/src/jekyll-test/github-pages-sandbox/_posts_wmd/2014-10-15-nomogram/.workingwiki/standalone/e0c6ef127a6888419edcb5345f2dd0fa/e0c6ef127a6888419edcb5345f2dd0fa.tex-math.pdf): failed to open stream: No such file or directory in /usr/local/src/working-markdown/wmd.php on line 130
fill_pe_request: getting all_source_file_contents.
find_source_file_content page_mod_time: /usr/local/src/jekyll-test/github-pages-sandbox/_posts_wmd/2014-10-15-nomogram.html.wmd
 putting it in 'source-file-contents'

request to PE: {"operation":{"name":"make","target":"e0c6ef127a6888419edcb5345f2dd0fa.tex-math.latexml.html","env":{"WW_ALL_SOURCE_FILES_UNEXPANDED":"$(WW_THIS_DIR)\/GNUmakefile $(WW_THIS_DIR)\/e0c6ef127a6888419edcb5345f2dd0fa.tex-math"},"use-default-makefiles":false},"projects":{"file:\/\/\/usr\/local\/src\/jekyll-test\/github-pages-sandbox\/_posts_wmd\/2014-10-15-nomogram\/.workingwiki\/standalone\/e0c6ef127a6888419edcb5345f2dd0fa":{"short-dir":"file____usr_local_src_jekyll-test_github-pages-sandbox__posts_wmd_2014-10-15-nomogram_.workingwiki_standalone_e0c6ef127a6888419edcb5345f2dd0fa","readonly":false,"source-file-contents":{"GNUmakefile":["c","### GNUmakefile automatically generated by WorkingWiki ###\nWW_THIS_PROJECT_SOURCE_FILES = GNUmakefile e0c6ef127a6888419edcb5345f2dd0fa.tex-math\nPREREQUISITE_PROJECTS =\nifndef RESOURCES\n  # ProjectEngine provides RESOURCES and the prerequisite project\n  # locations.  If they aren't provided, we're in an exported directory.\n  export RESOURCES = ..\/.workingwiki\/resources\nendif\ninclude $(RESOURCES)\/makefile-before\nifeq ($(filter makefile, $(wildcard makefile)),makefile)\n  include makefile\nelse ifeq ($(filter Makefile, $(wildcard Makefile)),Makefile)\n  include Makefile\nendif\ninclude $(RESOURCES)\/makefile-after\n",1413615974],"e0c6ef127a6888419edcb5345f2dd0fa.tex-math":["c","r^2+br+c=0",1413615974]},"process-in-place":true}},"pe-files-are-accessible":true,"password":"password","log-to-stdout":true}
PE: main repo: file:///usr/local/src/jekyll-test/github-pages-sandbox/_posts_wmd/2014-10-15-nomogram/.workingwiki/standalone/e0c6ef127a6888419edcb5345f2dd0fa: /usr/local/src/jekyll-test/github-pages-sandbox/_posts_wmd/2014-10-15-nomogram/.workingwiki/standalone/e0c6ef127a6888419edcb5345f2dd0fa
Syncing source files to project file____usr_local_src_jekyll-test_github-pages-sandbox__posts_wmd_2014-10-15-nomogram_.workingwiki_standalone_e0c6ef127a6888419edcb5345f2dd0fa persistent directory: GNUmakefile e0c6ef127a6888419edcb5345f2dd0fa.tex-math
PE: about to make.  e0c6ef127a6888419edcb5345f2dd0fa.tex-math.latexml.html doesn't exist
PE: env 'WW_ALL_SOURCE_FILES_UNEXPANDED'='$(WW_THIS_DIR)/GNUmakefile $(WW_THIS_DIR)/e0c6ef127a6888419edcb5345f2dd0fa.tex-math' 'time-limit'='180' 'WW_THIS_DIR'='/usr/local/src/jekyll-test/github-pages-sandbox/_posts_wmd/2014-10-15-nomogram/.workingwiki/standalone/e0c6ef127a6888419edcb5345f2dd0fa' 'PATH'='/usr/local/bin:/usr/bin:/bin' 'RESOURCES'='/usr/local/src/workingwiki-trunk/ProjectEngine/resources' 'FOREGROUND_ONLY'='1' /usr/local/src/workingwiki-trunk/ProjectEngine/pe-make -C '/usr/local/src/jekyll-test/github-pages-sandbox/_posts_wmd/2014-10-15-nomogram/.workingwiki/standalone/e0c6ef127a6888419edcb5345f2dd0fa' 'e0c6ef127a6888419edcb5345f2dd0fa.tex-math.latexml.html' 2>&1 | stdbuf -o L tee '/usr/local/src/jekyll-test/github-pages-sandbox/_posts_wmd/2014-10-15-nomogram/.workingwiki/standalone/e0c6ef127a6888419edcb5345f2dd0fa/e0c6ef127a6888419edcb5345f2dd0fa.tex-math.latexml.html.make.log'
Sat Oct 18 00:06:14 2014
/usr/bin/make -C \
    /usr/local/src/jekyll-test/github-pages-sandbox/_posts_wmd/2014-10-15-nomogram/.workingwiki/standalone/e0c6ef127a6888419edcb5345f2dd0fa \
    e0c6ef127a6888419edcb5345f2dd0fa.tex-math.latexml.html
Including .mk files:  
Including tex.d files: 
make: Entering directory `/usr/local/src/jekyll-test/github-pages-sandbox/_posts_wmd/2014-10-15-nomogram/.workingwiki/standalone/e0c6ef127a6888419edcb5345f2dd0fa'
make: `e0c6ef127a6888419edcb5345f2dd0fa.tex-math.latexml.html' is up to date.
make: Leaving directory `/usr/local/src/jekyll-test/github-pages-sandbox/_posts_wmd/2014-10-15-nomogram/.workingwiki/standalone/e0c6ef127a6888419edcb5345f2dd0fa'
Make succeeded.
Sat Oct 18 00:06:14 2014
PE: make succeeds
PE: result target_file_contents: {"e0c6ef127a6888419edcb5345f2dd0fa.tex-math.latexml.html":["p","\/usr\/local\/src\/jekyll-test\/github-pages-sandbox\/_posts_wmd\/2014-10-15-nomogram\/.workingwiki\/standalone\/e0c6ef127a6888419edcb5345f2dd0fa\/e0c6ef127a6888419edcb5345f2dd0fa.tex-math.latexml.html"]}
PE: e0c6ef127a6888419edcb5345f2dd0fa.tex-math.latexml.html doesn't exist
PE result: {"target-file-contents":{"e0c6ef127a6888419edcb5345f2dd0fa.tex-math.latexml.html":["p","\/usr\/local\/src\/jekyll-test\/github-pages-sandbox\/_posts_wmd\/2014-10-15-nomogram\/.workingwiki\/standalone\/e0c6ef127a6888419edcb5345f2dd0fa\/e0c6ef127a6888419edcb5345f2dd0fa.tex-math.latexml.html"]},"succeeded":true}
PHP Warning:  copy(): The first argument to copy() function cannot be a directory in /usr/local/src/working-markdown/wmd.php on line 130
PHP Notice:  Undefined index: file_content in /usr/local/src/workingwiki-trunk/WWInterface.php on line 549
PHP Warning:  copy(/usr/local/src/jekyll-test/github-pages-sandbox/_posts_wmd/2014-10-15-nomogram/.workingwiki/standalone/bb7cc75db70e9440f5f2de037f525a18/bb7cc75db70e9440f5f2de037f525a18.tex-math.pdf): failed to open stream: No such file or directory in /usr/local/src/working-markdown/wmd.php on line 130
fill_pe_request: getting all_source_file_contents.
find_source_file_content page_mod_time: /usr/local/src/jekyll-test/github-pages-sandbox/_posts_wmd/2014-10-15-nomogram.html.wmd
 putting it in 'source-file-contents'

request to PE: {"operation":{"name":"make","target":"bb7cc75db70e9440f5f2de037f525a18.tex-math.latexml.html","env":{"WW_ALL_SOURCE_FILES_UNEXPANDED":"$(WW_THIS_DIR)\/GNUmakefile $(WW_THIS_DIR)\/bb7cc75db70e9440f5f2de037f525a18.tex-math"},"use-default-makefiles":false},"projects":{"file:\/\/\/usr\/local\/src\/jekyll-test\/github-pages-sandbox\/_posts_wmd\/2014-10-15-nomogram\/.workingwiki\/standalone\/bb7cc75db70e9440f5f2de037f525a18":{"short-dir":"file____usr_local_src_jekyll-test_github-pages-sandbox__posts_wmd_2014-10-15-nomogram_.workingwiki_standalone_bb7cc75db70e9440f5f2de037f525a18","readonly":false,"source-file-contents":{"GNUmakefile":["c","### GNUmakefile automatically generated by WorkingWiki ###\nWW_THIS_PROJECT_SOURCE_FILES = GNUmakefile bb7cc75db70e9440f5f2de037f525a18.tex-math\nPREREQUISITE_PROJECTS =\nifndef RESOURCES\n  # ProjectEngine provides RESOURCES and the prerequisite project\n  # locations.  If they aren't provided, we're in an exported directory.\n  export RESOURCES = ..\/.workingwiki\/resources\nendif\ninclude $(RESOURCES)\/makefile-before\nifeq ($(filter makefile, $(wildcard makefile)),makefile)\n  include makefile\nelse ifeq ($(filter Makefile, $(wildcard Makefile)),Makefile)\n  include Makefile\nendif\ninclude $(RESOURCES)\/makefile-after\n",1413615974],"bb7cc75db70e9440f5f2de037f525a18.tex-math":["c","y=b+(c-b)x",1413615974]},"process-in-place":true}},"pe-files-are-accessible":true,"password":"password","log-to-stdout":true}
PE: main repo: file:///usr/local/src/jekyll-test/github-pages-sandbox/_posts_wmd/2014-10-15-nomogram/.workingwiki/standalone/bb7cc75db70e9440f5f2de037f525a18: /usr/local/src/jekyll-test/github-pages-sandbox/_posts_wmd/2014-10-15-nomogram/.workingwiki/standalone/bb7cc75db70e9440f5f2de037f525a18
Syncing source files to project file____usr_local_src_jekyll-test_github-pages-sandbox__posts_wmd_2014-10-15-nomogram_.workingwiki_standalone_bb7cc75db70e9440f5f2de037f525a18 persistent directory: GNUmakefile bb7cc75db70e9440f5f2de037f525a18.tex-math
PE: about to make.  bb7cc75db70e9440f5f2de037f525a18.tex-math.latexml.html doesn't exist
PE: env 'WW_ALL_SOURCE_FILES_UNEXPANDED'='$(WW_THIS_DIR)/GNUmakefile $(WW_THIS_DIR)/bb7cc75db70e9440f5f2de037f525a18.tex-math' 'time-limit'='180' 'WW_THIS_DIR'='/usr/local/src/jekyll-test/github-pages-sandbox/_posts_wmd/2014-10-15-nomogram/.workingwiki/standalone/bb7cc75db70e9440f5f2de037f525a18' 'PATH'='/usr/local/bin:/usr/bin:/bin' 'RESOURCES'='/usr/local/src/workingwiki-trunk/ProjectEngine/resources' 'FOREGROUND_ONLY'='1' /usr/local/src/workingwiki-trunk/ProjectEngine/pe-make -C '/usr/local/src/jekyll-test/github-pages-sandbox/_posts_wmd/2014-10-15-nomogram/.workingwiki/standalone/bb7cc75db70e9440f5f2de037f525a18' 'bb7cc75db70e9440f5f2de037f525a18.tex-math.latexml.html' 2>&1 | stdbuf -o L tee '/usr/local/src/jekyll-test/github-pages-sandbox/_posts_wmd/2014-10-15-nomogram/.workingwiki/standalone/bb7cc75db70e9440f5f2de037f525a18/bb7cc75db70e9440f5f2de037f525a18.tex-math.latexml.html.make.log'
Sat Oct 18 00:06:14 2014
/usr/bin/make -C \
    /usr/local/src/jekyll-test/github-pages-sandbox/_posts_wmd/2014-10-15-nomogram/.workingwiki/standalone/bb7cc75db70e9440f5f2de037f525a18 \
    bb7cc75db70e9440f5f2de037f525a18.tex-math.latexml.html
Including .mk files:  
Including tex.d files: 
make: Entering directory `/usr/local/src/jekyll-test/github-pages-sandbox/_posts_wmd/2014-10-15-nomogram/.workingwiki/standalone/bb7cc75db70e9440f5f2de037f525a18'
make: `bb7cc75db70e9440f5f2de037f525a18.tex-math.latexml.html' is up to date.
make: Leaving directory `/usr/local/src/jekyll-test/github-pages-sandbox/_posts_wmd/2014-10-15-nomogram/.workingwiki/standalone/bb7cc75db70e9440f5f2de037f525a18'
Make succeeded.
Sat Oct 18 00:06:14 2014
PE: make succeeds
PE: result target_file_contents: {"bb7cc75db70e9440f5f2de037f525a18.tex-math.latexml.html":["p","\/usr\/local\/src\/jekyll-test\/github-pages-sandbox\/_posts_wmd\/2014-10-15-nomogram\/.workingwiki\/standalone\/bb7cc75db70e9440f5f2de037f525a18\/bb7cc75db70e9440f5f2de037f525a18.tex-math.latexml.html"]}
PE: bb7cc75db70e9440f5f2de037f525a18.tex-math.latexml.html doesn't exist
PE result: {"target-file-contents":{"bb7cc75db70e9440f5f2de037f525a18.tex-math.latexml.html":["p","\/usr\/local\/src\/jekyll-test\/github-pages-sandbox\/_posts_wmd\/2014-10-15-nomogram\/.workingwiki\/standalone\/bb7cc75db70e9440f5f2de037f525a18\/bb7cc75db70e9440f5f2de037f525a18.tex-math.latexml.html"]},"succeeded":true}
PHP Warning:  copy(): The first argument to copy() function cannot be a directory in /usr/local/src/working-markdown/wmd.php on line 130
PHP Notice:  Undefined index: file_content in /usr/local/src/workingwiki-trunk/WWInterface.php on line 549
PHP Warning:  copy(/usr/local/src/jekyll-test/github-pages-sandbox/_posts_wmd/2014-10-15-nomogram/.workingwiki/standalone/f7fd8e46cc68d6e210ab4d37ba4a4b4f/f7fd8e46cc68d6e210ab4d37ba4a4b4f.tex-math.pdf): failed to open stream: No such file or directory in /usr/local/src/working-markdown/wmd.php on line 130
fill_pe_request: getting all_source_file_contents.
find_source_file_content page_mod_time: /usr/local/src/jekyll-test/github-pages-sandbox/_posts_wmd/2014-10-15-nomogram.html.wmd
 putting it in 'source-file-contents'

request to PE: {"operation":{"name":"make","target":"f7fd8e46cc68d6e210ab4d37ba4a4b4f.tex-math.latexml.html","env":{"WW_ALL_SOURCE_FILES_UNEXPANDED":"$(WW_THIS_DIR)\/GNUmakefile $(WW_THIS_DIR)\/f7fd8e46cc68d6e210ab4d37ba4a4b4f.tex-math"},"use-default-makefiles":false},"projects":{"file:\/\/\/usr\/local\/src\/jekyll-test\/github-pages-sandbox\/_posts_wmd\/2014-10-15-nomogram\/.workingwiki\/standalone\/f7fd8e46cc68d6e210ab4d37ba4a4b4f":{"short-dir":"file____usr_local_src_jekyll-test_github-pages-sandbox__posts_wmd_2014-10-15-nomogram_.workingwiki_standalone_f7fd8e46cc68d6e210ab4d37ba4a4b4f","readonly":false,"source-file-contents":{"GNUmakefile":["c","### GNUmakefile automatically generated by WorkingWiki ###\nWW_THIS_PROJECT_SOURCE_FILES = GNUmakefile f7fd8e46cc68d6e210ab4d37ba4a4b4f.tex-math\nPREREQUISITE_PROJECTS =\nifndef RESOURCES\n  # ProjectEngine provides RESOURCES and the prerequisite project\n  # locations.  If they aren't provided, we're in an exported directory.\n  export RESOURCES = ..\/.workingwiki\/resources\nendif\ninclude $(RESOURCES)\/makefile-before\nifeq ($(filter makefile, $(wildcard makefile)),makefile)\n  include makefile\nelse ifeq ($(filter Makefile, $(wildcard Makefile)),Makefile)\n  include Makefile\nendif\ninclude $(RESOURCES)\/makefile-after\n",1413615974],"f7fd8e46cc68d6e210ab4d37ba4a4b4f.tex-math":["c","c=-r^2-br",1413615974]},"process-in-place":true}},"pe-files-are-accessible":true,"password":"password","log-to-stdout":true}
PE: main repo: file:///usr/local/src/jekyll-test/github-pages-sandbox/_posts_wmd/2014-10-15-nomogram/.workingwiki/standalone/f7fd8e46cc68d6e210ab4d37ba4a4b4f: /usr/local/src/jekyll-test/github-pages-sandbox/_posts_wmd/2014-10-15-nomogram/.workingwiki/standalone/f7fd8e46cc68d6e210ab4d37ba4a4b4f
Syncing source files to project file____usr_local_src_jekyll-test_github-pages-sandbox__posts_wmd_2014-10-15-nomogram_.workingwiki_standalone_f7fd8e46cc68d6e210ab4d37ba4a4b4f persistent directory: GNUmakefile f7fd8e46cc68d6e210ab4d37ba4a4b4f.tex-math
PE: about to make.  f7fd8e46cc68d6e210ab4d37ba4a4b4f.tex-math.latexml.html doesn't exist
PE: env 'WW_ALL_SOURCE_FILES_UNEXPANDED'='$(WW_THIS_DIR)/GNUmakefile $(WW_THIS_DIR)/f7fd8e46cc68d6e210ab4d37ba4a4b4f.tex-math' 'time-limit'='180' 'WW_THIS_DIR'='/usr/local/src/jekyll-test/github-pages-sandbox/_posts_wmd/2014-10-15-nomogram/.workingwiki/standalone/f7fd8e46cc68d6e210ab4d37ba4a4b4f' 'PATH'='/usr/local/bin:/usr/bin:/bin' 'RESOURCES'='/usr/local/src/workingwiki-trunk/ProjectEngine/resources' 'FOREGROUND_ONLY'='1' /usr/local/src/workingwiki-trunk/ProjectEngine/pe-make -C '/usr/local/src/jekyll-test/github-pages-sandbox/_posts_wmd/2014-10-15-nomogram/.workingwiki/standalone/f7fd8e46cc68d6e210ab4d37ba4a4b4f' 'f7fd8e46cc68d6e210ab4d37ba4a4b4f.tex-math.latexml.html' 2>&1 | stdbuf -o L tee '/usr/local/src/jekyll-test/github-pages-sandbox/_posts_wmd/2014-10-15-nomogram/.workingwiki/standalone/f7fd8e46cc68d6e210ab4d37ba4a4b4f/f7fd8e46cc68d6e210ab4d37ba4a4b4f.tex-math.latexml.html.make.log'
Sat Oct 18 00:06:14 2014
/usr/bin/make -C \
    /usr/local/src/jekyll-test/github-pages-sandbox/_posts_wmd/2014-10-15-nomogram/.workingwiki/standalone/f7fd8e46cc68d6e210ab4d37ba4a4b4f \
    f7fd8e46cc68d6e210ab4d37ba4a4b4f.tex-math.latexml.html
Including .mk files:  
Including tex.d files: 
make: Entering directory `/usr/local/src/jekyll-test/github-pages-sandbox/_posts_wmd/2014-10-15-nomogram/.workingwiki/standalone/f7fd8e46cc68d6e210ab4d37ba4a4b4f'
make: `f7fd8e46cc68d6e210ab4d37ba4a4b4f.tex-math.latexml.html' is up to date.
make: Leaving directory `/usr/local/src/jekyll-test/github-pages-sandbox/_posts_wmd/2014-10-15-nomogram/.workingwiki/standalone/f7fd8e46cc68d6e210ab4d37ba4a4b4f'
Make succeeded.
Sat Oct 18 00:06:14 2014
PE: make succeeds
PE: result target_file_contents: {"f7fd8e46cc68d6e210ab4d37ba4a4b4f.tex-math.latexml.html":["p","\/usr\/local\/src\/jekyll-test\/github-pages-sandbox\/_posts_wmd\/2014-10-15-nomogram\/.workingwiki\/standalone\/f7fd8e46cc68d6e210ab4d37ba4a4b4f\/f7fd8e46cc68d6e210ab4d37ba4a4b4f.tex-math.latexml.html"]}
PE: f7fd8e46cc68d6e210ab4d37ba4a4b4f.tex-math.latexml.html doesn't exist
PE result: {"target-file-contents":{"f7fd8e46cc68d6e210ab4d37ba4a4b4f.tex-math.latexml.html":["p","\/usr\/local\/src\/jekyll-test\/github-pages-sandbox\/_posts_wmd\/2014-10-15-nomogram\/.workingwiki\/standalone\/f7fd8e46cc68d6e210ab4d37ba4a4b4f\/f7fd8e46cc68d6e210ab4d37ba4a4b4f.tex-math.latexml.html"]},"succeeded":true}
PHP Warning:  copy(): The first argument to copy() function cannot be a directory in /usr/local/src/working-markdown/wmd.php on line 130
PHP Notice:  Undefined index: file_content in /usr/local/src/workingwiki-trunk/WWInterface.php on line 549
PHP Warning:  copy(/usr/local/src/jekyll-test/github-pages-sandbox/_posts_wmd/2014-10-15-nomogram/.workingwiki/standalone/2d7a6df7585e060bb8223ea68486d598/2d7a6df7585e060bb8223ea68486d598.tex-math.pdf): failed to open stream: No such file or directory in /usr/local/src/working-markdown/wmd.php on line 130
fill_pe_request: getting all_source_file_contents.
find_source_file_content page_mod_time: /usr/local/src/jekyll-test/github-pages-sandbox/_posts_wmd/2014-10-15-nomogram.html.wmd
 putting it in 'source-file-contents'

request to PE: {"operation":{"name":"make","target":"2d7a6df7585e060bb8223ea68486d598.tex-math.latexml.html","env":{"WW_ALL_SOURCE_FILES_UNEXPANDED":"$(WW_THIS_DIR)\/GNUmakefile $(WW_THIS_DIR)\/2d7a6df7585e060bb8223ea68486d598.tex-math"},"use-default-makefiles":false},"projects":{"file:\/\/\/usr\/local\/src\/jekyll-test\/github-pages-sandbox\/_posts_wmd\/2014-10-15-nomogram\/.workingwiki\/standalone\/2d7a6df7585e060bb8223ea68486d598":{"short-dir":"file____usr_local_src_jekyll-test_github-pages-sandbox__posts_wmd_2014-10-15-nomogram_.workingwiki_standalone_2d7a6df7585e060bb8223ea68486d598","readonly":false,"source-file-contents":{"GNUmakefile":["c","### GNUmakefile automatically generated by WorkingWiki ###\nWW_THIS_PROJECT_SOURCE_FILES = GNUmakefile 2d7a6df7585e060bb8223ea68486d598.tex-math\nPREREQUISITE_PROJECTS =\nifndef RESOURCES\n  # ProjectEngine provides RESOURCES and the prerequisite project\n  # locations.  If they aren't provided, we're in an exported directory.\n  export RESOURCES = ..\/.workingwiki\/resources\nendif\ninclude $(RESOURCES)\/makefile-before\nifeq ($(filter makefile, $(wildcard makefile)),makefile)\n  include makefile\nelse ifeq ($(filter Makefile, $(wildcard Makefile)),Makefile)\n  include Makefile\nendif\ninclude $(RESOURCES)\/makefile-after\n",1413615974],"2d7a6df7585e060bb8223ea68486d598.tex-math":["c","y=b-(r^2+br+b)x",1413615974]},"process-in-place":true}},"pe-files-are-accessible":true,"password":"password","log-to-stdout":true}
PE: main repo: file:///usr/local/src/jekyll-test/github-pages-sandbox/_posts_wmd/2014-10-15-nomogram/.workingwiki/standalone/2d7a6df7585e060bb8223ea68486d598: /usr/local/src/jekyll-test/github-pages-sandbox/_posts_wmd/2014-10-15-nomogram/.workingwiki/standalone/2d7a6df7585e060bb8223ea68486d598
Syncing source files to project file____usr_local_src_jekyll-test_github-pages-sandbox__posts_wmd_2014-10-15-nomogram_.workingwiki_standalone_2d7a6df7585e060bb8223ea68486d598 persistent directory: GNUmakefile 2d7a6df7585e060bb8223ea68486d598.tex-math
PE: about to make.  2d7a6df7585e060bb8223ea68486d598.tex-math.latexml.html doesn't exist
PE: env 'WW_ALL_SOURCE_FILES_UNEXPANDED'='$(WW_THIS_DIR)/GNUmakefile $(WW_THIS_DIR)/2d7a6df7585e060bb8223ea68486d598.tex-math' 'time-limit'='180' 'WW_THIS_DIR'='/usr/local/src/jekyll-test/github-pages-sandbox/_posts_wmd/2014-10-15-nomogram/.workingwiki/standalone/2d7a6df7585e060bb8223ea68486d598' 'PATH'='/usr/local/bin:/usr/bin:/bin' 'RESOURCES'='/usr/local/src/workingwiki-trunk/ProjectEngine/resources' 'FOREGROUND_ONLY'='1' /usr/local/src/workingwiki-trunk/ProjectEngine/pe-make -C '/usr/local/src/jekyll-test/github-pages-sandbox/_posts_wmd/2014-10-15-nomogram/.workingwiki/standalone/2d7a6df7585e060bb8223ea68486d598' '2d7a6df7585e060bb8223ea68486d598.tex-math.latexml.html' 2>&1 | stdbuf -o L tee '/usr/local/src/jekyll-test/github-pages-sandbox/_posts_wmd/2014-10-15-nomogram/.workingwiki/standalone/2d7a6df7585e060bb8223ea68486d598/2d7a6df7585e060bb8223ea68486d598.tex-math.latexml.html.make.log'
Sat Oct 18 00:06:14 2014
/usr/bin/make -C \
    /usr/local/src/jekyll-test/github-pages-sandbox/_posts_wmd/2014-10-15-nomogram/.workingwiki/standalone/2d7a6df7585e060bb8223ea68486d598 \
    2d7a6df7585e060bb8223ea68486d598.tex-math.latexml.html
Including .mk files:  
Including tex.d files: 
make: Entering directory `/usr/local/src/jekyll-test/github-pages-sandbox/_posts_wmd/2014-10-15-nomogram/.workingwiki/standalone/2d7a6df7585e060bb8223ea68486d598'
make: `2d7a6df7585e060bb8223ea68486d598.tex-math.latexml.html' is up to date.
make: Leaving directory `/usr/local/src/jekyll-test/github-pages-sandbox/_posts_wmd/2014-10-15-nomogram/.workingwiki/standalone/2d7a6df7585e060bb8223ea68486d598'
Make succeeded.
Sat Oct 18 00:06:14 2014
PE: make succeeds
PE: result target_file_contents: {"2d7a6df7585e060bb8223ea68486d598.tex-math.latexml.html":["p","\/usr\/local\/src\/jekyll-test\/github-pages-sandbox\/_posts_wmd\/2014-10-15-nomogram\/.workingwiki\/standalone\/2d7a6df7585e060bb8223ea68486d598\/2d7a6df7585e060bb8223ea68486d598.tex-math.latexml.html"]}
PE: 2d7a6df7585e060bb8223ea68486d598.tex-math.latexml.html doesn't exist
PE result: {"target-file-contents":{"2d7a6df7585e060bb8223ea68486d598.tex-math.latexml.html":["p","\/usr\/local\/src\/jekyll-test\/github-pages-sandbox\/_posts_wmd\/2014-10-15-nomogram\/.workingwiki\/standalone\/2d7a6df7585e060bb8223ea68486d598\/2d7a6df7585e060bb8223ea68486d598.tex-math.latexml.html"]},"succeeded":true}
PHP Warning:  copy(): The first argument to copy() function cannot be a directory in /usr/local/src/working-markdown/wmd.php on line 130
PHP Notice:  Undefined index: file_content in /usr/local/src/workingwiki-trunk/WWInterface.php on line 549
PHP Warning:  copy(/usr/local/src/jekyll-test/github-pages-sandbox/_posts_wmd/2014-10-15-nomogram/.workingwiki/standalone/4373227dfe87acbbb81e72418d62d02d/4373227dfe87acbbb81e72418d62d02d.tex-math.pdf): failed to open stream: No such file or directory in /usr/local/src/working-markdown/wmd.php on line 130
fill_pe_request: getting all_source_file_contents.
find_source_file_content page_mod_time: /usr/local/src/jekyll-test/github-pages-sandbox/_posts_wmd/2014-10-15-nomogram.html.wmd
 putting it in 'source-file-contents'

request to PE: {"operation":{"name":"make","target":"4373227dfe87acbbb81e72418d62d02d.tex-math.latexml.html","env":{"WW_ALL_SOURCE_FILES_UNEXPANDED":"$(WW_THIS_DIR)\/GNUmakefile $(WW_THIS_DIR)\/4373227dfe87acbbb81e72418d62d02d.tex-math"},"use-default-makefiles":false},"projects":{"file:\/\/\/usr\/local\/src\/jekyll-test\/github-pages-sandbox\/_posts_wmd\/2014-10-15-nomogram\/.workingwiki\/standalone\/4373227dfe87acbbb81e72418d62d02d":{"short-dir":"file____usr_local_src_jekyll-test_github-pages-sandbox__posts_wmd_2014-10-15-nomogram_.workingwiki_standalone_4373227dfe87acbbb81e72418d62d02d","readonly":false,"source-file-contents":{"GNUmakefile":["c","### GNUmakefile automatically generated by WorkingWiki ###\nWW_THIS_PROJECT_SOURCE_FILES = GNUmakefile 4373227dfe87acbbb81e72418d62d02d.tex-math\nPREREQUISITE_PROJECTS =\nifndef RESOURCES\n  # ProjectEngine provides RESOURCES and the prerequisite project\n  # locations.  If they aren't provided, we're in an exported directory.\n  export RESOURCES = ..\/.workingwiki\/resources\nendif\ninclude $(RESOURCES)\/makefile-before\nifeq ($(filter makefile, $(wildcard makefile)),makefile)\n  include makefile\nelse ifeq ($(filter Makefile, $(wildcard Makefile)),Makefile)\n  include Makefile\nendif\ninclude $(RESOURCES)\/makefile-after\n",1413615974],"4373227dfe87acbbb81e72418d62d02d.tex-math":["c","x=1\/(r+1)",1413615974]},"process-in-place":true}},"pe-files-are-accessible":true,"password":"password","log-to-stdout":true}
PE: main repo: file:///usr/local/src/jekyll-test/github-pages-sandbox/_posts_wmd/2014-10-15-nomogram/.workingwiki/standalone/4373227dfe87acbbb81e72418d62d02d: /usr/local/src/jekyll-test/github-pages-sandbox/_posts_wmd/2014-10-15-nomogram/.workingwiki/standalone/4373227dfe87acbbb81e72418d62d02d
Syncing source files to project file____usr_local_src_jekyll-test_github-pages-sandbox__posts_wmd_2014-10-15-nomogram_.workingwiki_standalone_4373227dfe87acbbb81e72418d62d02d persistent directory: GNUmakefile 4373227dfe87acbbb81e72418d62d02d.tex-math
PE: about to make.  4373227dfe87acbbb81e72418d62d02d.tex-math.latexml.html doesn't exist
PE: env 'WW_ALL_SOURCE_FILES_UNEXPANDED'='$(WW_THIS_DIR)/GNUmakefile $(WW_THIS_DIR)/4373227dfe87acbbb81e72418d62d02d.tex-math' 'time-limit'='180' 'WW_THIS_DIR'='/usr/local/src/jekyll-test/github-pages-sandbox/_posts_wmd/2014-10-15-nomogram/.workingwiki/standalone/4373227dfe87acbbb81e72418d62d02d' 'PATH'='/usr/local/bin:/usr/bin:/bin' 'RESOURCES'='/usr/local/src/workingwiki-trunk/ProjectEngine/resources' 'FOREGROUND_ONLY'='1' /usr/local/src/workingwiki-trunk/ProjectEngine/pe-make -C '/usr/local/src/jekyll-test/github-pages-sandbox/_posts_wmd/2014-10-15-nomogram/.workingwiki/standalone/4373227dfe87acbbb81e72418d62d02d' '4373227dfe87acbbb81e72418d62d02d.tex-math.latexml.html' 2>&1 | stdbuf -o L tee '/usr/local/src/jekyll-test/github-pages-sandbox/_posts_wmd/2014-10-15-nomogram/.workingwiki/standalone/4373227dfe87acbbb81e72418d62d02d/4373227dfe87acbbb81e72418d62d02d.tex-math.latexml.html.make.log'
Sat Oct 18 00:06:14 2014
/usr/bin/make -C \
    /usr/local/src/jekyll-test/github-pages-sandbox/_posts_wmd/2014-10-15-nomogram/.workingwiki/standalone/4373227dfe87acbbb81e72418d62d02d \
    4373227dfe87acbbb81e72418d62d02d.tex-math.latexml.html
Including .mk files:  
Including tex.d files: 
make: Entering directory `/usr/local/src/jekyll-test/github-pages-sandbox/_posts_wmd/2014-10-15-nomogram/.workingwiki/standalone/4373227dfe87acbbb81e72418d62d02d'
make: `4373227dfe87acbbb81e72418d62d02d.tex-math.latexml.html' is up to date.
make: Leaving directory `/usr/local/src/jekyll-test/github-pages-sandbox/_posts_wmd/2014-10-15-nomogram/.workingwiki/standalone/4373227dfe87acbbb81e72418d62d02d'
Make succeeded.
Sat Oct 18 00:06:14 2014
PE: make succeeds
PE: result target_file_contents: {"4373227dfe87acbbb81e72418d62d02d.tex-math.latexml.html":["p","\/usr\/local\/src\/jekyll-test\/github-pages-sandbox\/_posts_wmd\/2014-10-15-nomogram\/.workingwiki\/standalone\/4373227dfe87acbbb81e72418d62d02d\/4373227dfe87acbbb81e72418d62d02d.tex-math.latexml.html"]}
PE: 4373227dfe87acbbb81e72418d62d02d.tex-math.latexml.html doesn't exist
PE result: {"target-file-contents":{"4373227dfe87acbbb81e72418d62d02d.tex-math.latexml.html":["p","\/usr\/local\/src\/jekyll-test\/github-pages-sandbox\/_posts_wmd\/2014-10-15-nomogram\/.workingwiki\/standalone\/4373227dfe87acbbb81e72418d62d02d\/4373227dfe87acbbb81e72418d62d02d.tex-math.latexml.html"]},"succeeded":true}
PHP Warning:  copy(): The first argument to copy() function cannot be a directory in /usr/local/src/working-markdown/wmd.php on line 130
PHP Notice:  Undefined index: file_content in /usr/local/src/workingwiki-trunk/WWInterface.php on line 549
PHP Warning:  copy(/usr/local/src/jekyll-test/github-pages-sandbox/_posts_wmd/2014-10-15-nomogram/.workingwiki/standalone/8e7488547c9fa28f8221bdfa47456833/8e7488547c9fa28f8221bdfa47456833.tex-math.pdf): failed to open stream: No such file or directory in /usr/local/src/working-markdown/wmd.php on line 130
fill_pe_request: getting all_source_file_contents.
find_source_file_content page_mod_time: /usr/local/src/jekyll-test/github-pages-sandbox/_posts_wmd/2014-10-15-nomogram.html.wmd
 putting it in 'source-file-contents'

request to PE: {"operation":{"name":"make","target":"8e7488547c9fa28f8221bdfa47456833.tex-math.latexml.html","env":{"WW_ALL_SOURCE_FILES_UNEXPANDED":"$(WW_THIS_DIR)\/GNUmakefile $(WW_THIS_DIR)\/8e7488547c9fa28f8221bdfa47456833.tex-math"},"use-default-makefiles":false},"projects":{"file:\/\/\/usr\/local\/src\/jekyll-test\/github-pages-sandbox\/_posts_wmd\/2014-10-15-nomogram\/.workingwiki\/standalone\/8e7488547c9fa28f8221bdfa47456833":{"short-dir":"file____usr_local_src_jekyll-test_github-pages-sandbox__posts_wmd_2014-10-15-nomogram_.workingwiki_standalone_8e7488547c9fa28f8221bdfa47456833","readonly":false,"source-file-contents":{"GNUmakefile":["c","### GNUmakefile automatically generated by WorkingWiki ###\nWW_THIS_PROJECT_SOURCE_FILES = GNUmakefile 8e7488547c9fa28f8221bdfa47456833.tex-math\nPREREQUISITE_PROJECTS =\nifndef RESOURCES\n  # ProjectEngine provides RESOURCES and the prerequisite project\n  # locations.  If they aren't provided, we're in an exported directory.\n  export RESOURCES = ..\/.workingwiki\/resources\nendif\ninclude $(RESOURCES)\/makefile-before\nifeq ($(filter makefile, $(wildcard makefile)),makefile)\n  include makefile\nelse ifeq ($(filter Makefile, $(wildcard Makefile)),Makefile)\n  include Makefile\nendif\ninclude $(RESOURCES)\/makefile-after\n",1413615974],"8e7488547c9fa28f8221bdfa47456833.tex-math":["c","y=-r^2\/(r+1)",1413615974]},"process-in-place":true}},"pe-files-are-accessible":true,"password":"password","log-to-stdout":true}
PE: main repo: file:///usr/local/src/jekyll-test/github-pages-sandbox/_posts_wmd/2014-10-15-nomogram/.workingwiki/standalone/8e7488547c9fa28f8221bdfa47456833: /usr/local/src/jekyll-test/github-pages-sandbox/_posts_wmd/2014-10-15-nomogram/.workingwiki/standalone/8e7488547c9fa28f8221bdfa47456833
Syncing source files to project file____usr_local_src_jekyll-test_github-pages-sandbox__posts_wmd_2014-10-15-nomogram_.workingwiki_standalone_8e7488547c9fa28f8221bdfa47456833 persistent directory: GNUmakefile 8e7488547c9fa28f8221bdfa47456833.tex-math
PE: about to make.  8e7488547c9fa28f8221bdfa47456833.tex-math.latexml.html doesn't exist
PE: env 'WW_ALL_SOURCE_FILES_UNEXPANDED'='$(WW_THIS_DIR)/GNUmakefile $(WW_THIS_DIR)/8e7488547c9fa28f8221bdfa47456833.tex-math' 'time-limit'='180' 'WW_THIS_DIR'='/usr/local/src/jekyll-test/github-pages-sandbox/_posts_wmd/2014-10-15-nomogram/.workingwiki/standalone/8e7488547c9fa28f8221bdfa47456833' 'PATH'='/usr/local/bin:/usr/bin:/bin' 'RESOURCES'='/usr/local/src/workingwiki-trunk/ProjectEngine/resources' 'FOREGROUND_ONLY'='1' /usr/local/src/workingwiki-trunk/ProjectEngine/pe-make -C '/usr/local/src/jekyll-test/github-pages-sandbox/_posts_wmd/2014-10-15-nomogram/.workingwiki/standalone/8e7488547c9fa28f8221bdfa47456833' '8e7488547c9fa28f8221bdfa47456833.tex-math.latexml.html' 2>&1 | stdbuf -o L tee '/usr/local/src/jekyll-test/github-pages-sandbox/_posts_wmd/2014-10-15-nomogram/.workingwiki/standalone/8e7488547c9fa28f8221bdfa47456833/8e7488547c9fa28f8221bdfa47456833.tex-math.latexml.html.make.log'
Sat Oct 18 00:06:14 2014
/usr/bin/make -C \
    /usr/local/src/jekyll-test/github-pages-sandbox/_posts_wmd/2014-10-15-nomogram/.workingwiki/standalone/8e7488547c9fa28f8221bdfa47456833 \
    8e7488547c9fa28f8221bdfa47456833.tex-math.latexml.html
Including .mk files:  
Including tex.d files: 
make: Entering directory `/usr/local/src/jekyll-test/github-pages-sandbox/_posts_wmd/2014-10-15-nomogram/.workingwiki/standalone/8e7488547c9fa28f8221bdfa47456833'
make: `8e7488547c9fa28f8221bdfa47456833.tex-math.latexml.html' is up to date.
make: Leaving directory `/usr/local/src/jekyll-test/github-pages-sandbox/_posts_wmd/2014-10-15-nomogram/.workingwiki/standalone/8e7488547c9fa28f8221bdfa47456833'
Make succeeded.
Sat Oct 18 00:06:14 2014
PE: make succeeds
PE: result target_file_contents: {"8e7488547c9fa28f8221bdfa47456833.tex-math.latexml.html":["p","\/usr\/local\/src\/jekyll-test\/github-pages-sandbox\/_posts_wmd\/2014-10-15-nomogram\/.workingwiki\/standalone\/8e7488547c9fa28f8221bdfa47456833\/8e7488547c9fa28f8221bdfa47456833.tex-math.latexml.html"]}
PE: 8e7488547c9fa28f8221bdfa47456833.tex-math.latexml.html doesn't exist
PE result: {"target-file-contents":{"8e7488547c9fa28f8221bdfa47456833.tex-math.latexml.html":["p","\/usr\/local\/src\/jekyll-test\/github-pages-sandbox\/_posts_wmd\/2014-10-15-nomogram\/.workingwiki\/standalone\/8e7488547c9fa28f8221bdfa47456833\/8e7488547c9fa28f8221bdfa47456833.tex-math.latexml.html"]},"succeeded":true}
PHP Warning:  copy(): The first argument to copy() function cannot be a directory in /usr/local/src/working-markdown/wmd.php on line 130
PHP Notice:  Undefined index: file_content in /usr/local/src/workingwiki-trunk/WWInterface.php on line 549
PHP Notice:  Undefined index: file_content in /usr/local/src/workingwiki-trunk/WWInterface.php on line 549
PHP Notice:  Undefined variable: excerpt in /usr/local/src/workingwiki-trunk/WWInterface.php on line 2571
PHP Warning:  copy(): The first argument to copy() function cannot be a directory in /usr/local/src/working-markdown/wmd.php on line 130
PHP Notice:  Undefined variable: excerpt in /usr/local/src/workingwiki-trunk/WWInterface.php on line 2572
PHP Notice:  Undefined variable: excerpt in /usr/local/src/workingwiki-trunk/WWInterface.php on line 2571
PHP Warning:  copy(): The first argument to copy() function cannot be a directory in /usr/local/src/working-markdown/wmd.php on line 130
PHP Notice:  Undefined variable: excerpt in /usr/local/src/workingwiki-trunk/WWInterface.php on line 2572
PHP Notice:  Undefined variable: excerpt in /usr/local/src/workingwiki-trunk/WWInterface.php on line 2571
PHP Warning:  copy(): The first argument to copy() function cannot be a directory in /usr/local/src/working-markdown/wmd.php on line 130
PHP Notice:  Undefined variable: excerpt in /usr/local/src/workingwiki-trunk/WWInterface.php on line 2572
PHP Notice:  Undefined index: file_content in /usr/local/src/workingwiki-trunk/WWInterface.php on line 549
PHP Notice:  Undefined index: file_content in /usr/local/src/workingwiki-trunk/WWInterface.php on line 549
PHP Notice:  Undefined variable: excerpt in /usr/local/src/workingwiki-trunk/WWInterface.php on line 2571
PHP Warning:  copy(): The first argument to copy() function cannot be a directory in /usr/local/src/working-markdown/wmd.php on line 130
PHP Notice:  Undefined variable: excerpt in /usr/local/src/workingwiki-trunk/WWInterface.php on line 2572
PHP Notice:  Undefined variable: excerpt in /usr/local/src/workingwiki-trunk/WWInterface.php on line 2571
PHP Warning:  copy(): The first argument to copy() function cannot be a directory in /usr/local/src/working-markdown/wmd.php on line 130
PHP Notice:  Undefined variable: excerpt in /usr/local/src/workingwiki-trunk/WWInterface.php on line 2572
PHP Notice:  Undefined index: file_content in /usr/local/src/workingwiki-trunk/WWInterface.php on line 549
