Mon Oct 20 16:55:21 2014
/usr/bin/make -C \
    /usr/local/src/jekyll-test/github-pages-sandbox/wmd_files/2014-10-15-nomogram \
    wmd_export.tgz
Including .mk files: example.mk another.mk printable.mk 
Including tex.d files: 
make[1]: Entering directory `/usr/local/src/jekyll-test/github-pages-sandbox/wmd_files/2014-10-15-nomogram'
echo '--transform=s|'`echo /usr/local/src/workingwiki-trunk/ProjectEngine/resources | perl -pe 's|^/||'`'|wmd_export/.workingwiki/resources|' > wmd_export.tar_args
echo /usr/local/src/workingwiki-trunk/ProjectEngine/resources/ >> wmd_export.tar_args
echo '--transform=s|.|wmd_export|' >> wmd_export.tar_args
for sf in GNUmakefile nomogram.R example.mk example.R another.mk another.R printable.mk printable.R; do echo ./$sf >> wmd_export.tar_args; done
tar -cvz -T wmd_export.tar_args -f wmd_export.tgz --ignore-failed-read
tar: Removing leading `/' from member names
/usr/local/src/workingwiki-trunk/ProjectEngine/resources/
/usr/local/src/workingwiki-trunk/ProjectEngine/resources/css/
/usr/local/src/workingwiki-trunk/ProjectEngine/resources/css/latexml.css
/usr/local/src/workingwiki-trunk/ProjectEngine/resources/css/get-project-file.css
/usr/local/src/workingwiki-trunk/ProjectEngine/resources/css/import-project-files.css
/usr/local/src/workingwiki-trunk/ProjectEngine/resources/css/edit-page.css
/usr/local/src/workingwiki-trunk/ProjectEngine/resources/css/background.css
/usr/local/src/workingwiki-trunk/ProjectEngine/resources/wiki-inline.latexml.pl
/usr/local/src/workingwiki-trunk/ProjectEngine/resources/images/
/usr/local/src/workingwiki-trunk/ProjectEngine/resources/images/button-projectfile.xcf
/usr/local/src/workingwiki-trunk/ProjectEngine/resources/images/button-projectfile.png
/usr/local/src/workingwiki-trunk/ProjectEngine/resources/images/button-sourcefile.png
/usr/local/src/workingwiki-trunk/ProjectEngine/resources/images/button-tab.xcf
/usr/local/src/workingwiki-trunk/ProjectEngine/resources/images/button-sourcefile.xcf
/usr/local/src/workingwiki-trunk/ProjectEngine/resources/images/button-tab.png
/usr/local/src/workingwiki-trunk/ProjectEngine/resources/js/
/usr/local/src/workingwiki-trunk/ProjectEngine/resources/js/suggest.js
/usr/local/src/workingwiki-trunk/ProjectEngine/resources/js/customupload-1.13.js
/usr/local/src/workingwiki-trunk/ProjectEngine/resources/js/customupload-1.16a.js
/usr/local/src/workingwiki-trunk/ProjectEngine/resources/js/importproject.js
/usr/local/src/workingwiki-trunk/ProjectEngine/resources/js/importprojectfiles.js
/usr/local/src/workingwiki-trunk/ProjectEngine/resources/wiki-math.latexml.pl
/usr/local/src/workingwiki-trunk/ProjectEngine/resources/makefile-before
/usr/local/src/workingwiki-trunk/ProjectEngine/resources/standalone-latexml.pl
/usr/local/src/workingwiki-trunk/ProjectEngine/resources/wiki-inclusion.latexml.pl
/usr/local/src/workingwiki-trunk/ProjectEngine/resources/makefile-after
/usr/local/src/workingwiki-trunk/ProjectEngine/resources/site/
/usr/local/src/workingwiki-trunk/ProjectEngine/resources/site/all-pngs.pl
/usr/local/src/workingwiki-trunk/ProjectEngine/resources/site/standalone-latexml.pl~
/usr/local/src/workingwiki-trunk/ProjectEngine/resources/site/errors.pl
/usr/local/src/workingwiki-trunk/ProjectEngine/resources/site/Rtrim.pl
/usr/local/src/workingwiki-trunk/ProjectEngine/resources/site/cstuff/
/usr/local/src/workingwiki-trunk/ProjectEngine/resources/site/cstuff/Makefile~
/usr/local/src/workingwiki-trunk/ProjectEngine/resources/site/cstuff/command.h
/usr/local/src/workingwiki-trunk/ProjectEngine/resources/site/cstuff/Makefile
/usr/local/src/workingwiki-trunk/ProjectEngine/resources/site/cstuff/.Desc.old
/usr/local/src/workingwiki-trunk/ProjectEngine/resources/site/cstuff/command.c~
/usr/local/src/workingwiki-trunk/ProjectEngine/resources/site/cstuff/command.c
/usr/local/src/workingwiki-trunk/ProjectEngine/resources/site/cstuff/command.o
/usr/local/src/workingwiki-trunk/ProjectEngine/resources/site/mx.pl
/usr/local/src/workingwiki-trunk/ProjectEngine/resources/site/Rprep.pl
/usr/local/src/workingwiki-trunk/ProjectEngine/resources/site/mxtrim.pl~
/usr/local/src/workingwiki-trunk/ProjectEngine/resources/site/errors.pl~
/usr/local/src/workingwiki-trunk/ProjectEngine/resources/site/RR.pl~
/usr/local/src/workingwiki-trunk/ProjectEngine/resources/site/maxima-init.mac
/usr/local/src/workingwiki-trunk/ProjectEngine/resources/site/pdftk.mk
/usr/local/src/workingwiki-trunk/ProjectEngine/resources/site/pmed.pl
/usr/local/src/workingwiki-trunk/ProjectEngine/resources/site/README-site
/usr/local/src/workingwiki-trunk/ProjectEngine/resources/site/Rcalc.pl~
/usr/local/src/workingwiki-trunk/ProjectEngine/resources/site/Rout.mk
/usr/local/src/workingwiki-trunk/ProjectEngine/resources/site/pushlogo.pl~
/usr/local/src/workingwiki-trunk/ProjectEngine/resources/site/pmed.pl~
/usr/local/src/workingwiki-trunk/ProjectEngine/resources/site/all-svgs.pl~
/usr/local/src/workingwiki-trunk/ProjectEngine/resources/site/pages.mk
/usr/local/src/workingwiki-trunk/ProjectEngine/resources/site/.RR.pl.swp
/usr/local/src/workingwiki-trunk/ProjectEngine/resources/site/.makefile-before.swp
/usr/local/src/workingwiki-trunk/ProjectEngine/resources/site/makefile-before
/usr/local/src/workingwiki-trunk/ProjectEngine/resources/site/shared-after~
/usr/local/src/workingwiki-trunk/ProjectEngine/resources/site/Rprep.pl~
/usr/local/src/workingwiki-trunk/ProjectEngine/resources/site/makefile-after
/usr/local/src/workingwiki-trunk/ProjectEngine/resources/site/Rout.mk~
/usr/local/src/workingwiki-trunk/ProjectEngine/resources/site/wwMakefile
/usr/local/src/workingwiki-trunk/ProjectEngine/resources/site/pages.mk~
/usr/local/src/workingwiki-trunk/ProjectEngine/resources/site/cw.pl~
/usr/local/src/workingwiki-trunk/ProjectEngine/resources/site/Rcalc.pl
/usr/local/src/workingwiki-trunk/ProjectEngine/resources/site/summary.R
/usr/local/src/workingwiki-trunk/ProjectEngine/resources/site/cw.pl
/usr/local/src/workingwiki-trunk/ProjectEngine/resources/site/proj_html.pl
/usr/local/src/workingwiki-trunk/ProjectEngine/resources/site/makefile-before~~
/usr/local/src/workingwiki-trunk/ProjectEngine/resources/site/wwMakefile~
/usr/local/src/workingwiki-trunk/ProjectEngine/resources/site/site-default-rules.makefile~
/usr/local/src/workingwiki-trunk/ProjectEngine/resources/site/makefile-after~
/usr/local/src/workingwiki-trunk/ProjectEngine/resources/site/RR.pl
/usr/local/src/workingwiki-trunk/ProjectEngine/resources/site/makefile-before~
/usr/local/src/workingwiki-trunk/ProjectEngine/resources/site/summary.R~
/usr/local/src/workingwiki-trunk/ProjectEngine/resources/site/maximarc~
/usr/local/src/workingwiki-trunk/ProjectEngine/resources/site/mxtrim.pl
/usr/local/src/workingwiki-trunk/ProjectEngine/resources/site/tex/
/usr/local/src/workingwiki-trunk/ProjectEngine/resources/site/tex/authordate1-4.sty
/usr/local/src/workingwiki-trunk/ProjectEngine/resources/site/tex/sober.sty
/usr/local/src/workingwiki-trunk/ProjectEngine/resources/site/tex/caseunsrt.bst
/usr/local/src/workingwiki-trunk/ProjectEngine/resources/site/tex/authordate5.bst
/usr/local/src/workingwiki-trunk/ProjectEngine/resources/site/tex/suppfig.tex
/usr/local/src/workingwiki-trunk/ProjectEngine/resources/site/tex/fitpage.sty
/usr/local/src/workingwiki-trunk/ProjectEngine/resources/site/tex/plos.bst
/usr/local/src/workingwiki-trunk/ProjectEngine/resources/site/tex/natcase.bst~
/usr/local/src/workingwiki-trunk/ProjectEngine/resources/site/tex/spbasecase.bst~
/usr/local/src/workingwiki-trunk/ProjectEngine/resources/site/tex/newres.cls
/usr/local/src/workingwiki-trunk/ProjectEngine/resources/site/tex/bmc_article.bst
/usr/local/src/workingwiki-trunk/ProjectEngine/resources/site/tex/caseunsrt.bst~
/usr/local/src/workingwiki-trunk/ProjectEngine/resources/site/tex/bmc_article.cls
/usr/local/src/workingwiki-trunk/ProjectEngine/resources/site/tex/mongo.sty
/usr/local/src/workingwiki-trunk/ProjectEngine/resources/site/tex/.commands.sty.swp
/usr/local/src/workingwiki-trunk/ProjectEngine/resources/site/tex/commands.sty~
/usr/local/src/workingwiki-trunk/ProjectEngine/resources/site/tex/caseplos.bst
/usr/local/src/workingwiki-trunk/ProjectEngine/resources/site/tex/commands.sty
/usr/local/src/workingwiki-trunk/ProjectEngine/resources/site/tex/spbasecase.bst
/usr/local/src/workingwiki-trunk/ProjectEngine/resources/site/tex/caseabb.bst
/usr/local/src/workingwiki-trunk/ProjectEngine/resources/site/tex/plos.bst~
/usr/local/src/workingwiki-trunk/ProjectEngine/resources/site/tex/slidecomm.sty
/usr/local/src/workingwiki-trunk/ProjectEngine/resources/site/site-default-rules.makefile
/usr/local/src/workingwiki-trunk/ProjectEngine/resources/site/src_html.pl
/usr/local/src/workingwiki-trunk/ProjectEngine/resources/site/.objects.R.swp
/usr/local/src/workingwiki-trunk/ProjectEngine/resources/site/all-pngs.pl~
/usr/local/src/workingwiki-trunk/ProjectEngine/resources/site/mx.pl~
/usr/local/src/workingwiki-trunk/ProjectEngine/resources/site/pushlogo.pl
/usr/local/src/workingwiki-trunk/ProjectEngine/resources/site/pdfcheck.pl
/usr/local/src/workingwiki-trunk/ProjectEngine/resources/site/objects.R~
/usr/local/src/workingwiki-trunk/ProjectEngine/resources/site/objects.R
/usr/local/src/workingwiki-trunk/ProjectEngine/resources/site/all-svgs.pl
/usr/local/src/workingwiki-trunk/ProjectEngine/resources/site/.makefile-after.swp
/usr/local/src/workingwiki-trunk/ProjectEngine/resources/makefile-before-latex
/usr/local/src/workingwiki-trunk/ProjectEngine/resources/makefile-after-latex
/usr/local/src/workingwiki-trunk/ProjectEngine/resources/wiki-inline.latexml.xslt
/usr/local/src/workingwiki-trunk/ProjectEngine/resources/makefile
./GNUmakefile
./nomogram.R
./example.mk
./example.R
./another.mk
./another.R
./printable.mk
./printable.R
#rm -f wmd_export.tar_args
make[1]: Leaving directory `/usr/local/src/jekyll-test/github-pages-sandbox/wmd_files/2014-10-15-nomogram'
Make succeeded.
Mon Oct 20 16:55:21 2014
